2025-09-02 13:00:16 - c.capestone.login.LoginApplication - Starting LoginApplication using Java 24.0.2 with PID 11141 (/Users/YASH.B31/Documents/Capestone_Project/target/classes started by YASH.B31 in /Users/YASH.B31/Documents/Capestone_Project)
2025-09-02 13:00:16 - c.capestone.login.LoginApplication - Running with Spring Boot v3.5.5, Spring v6.2.10
2025-09-02 13:00:16 - c.capestone.login.LoginApplication - No active profile set, falling back to 1 default profile: "default"
2025-09-02 13:00:16 - o.s.d.r.c.RepositoryConfigurationDelegate - Bootstrapping Spring Data JPA repositories in DEFAULT mode.
2025-09-02 13:00:16 - o.s.d.r.c.RepositoryConfigurationDelegate - Finished Spring Data repository scanning in 20 ms. Found 1 JPA repository interface.
2025-09-02 13:00:17 - o.s.b.w.e.tomcat.TomcatWebServer - Tomcat initialized with port 8080 (http)
2025-09-02 13:00:17 - o.a.catalina.core.StandardService - Starting service [Tomcat]
2025-09-02 13:00:17 - o.a.catalina.core.StandardEngine - Starting Servlet engine: [Apache Tomcat/10.1.44]
2025-09-02 13:00:17 - o.a.c.c.C.[Tomcat].[localhost].[/] - Initializing Spring embedded WebApplicationContext
2025-09-02 13:00:17 - o.s.b.w.s.c.ServletWebServerApplicationContext - Root WebApplicationContext: initialization completed in 586 ms
2025-09-02 13:00:17 - o.h.jpa.internal.util.LogHelper - HHH000204: Processing PersistenceUnitInfo [name: default]
2025-09-02 13:00:17 - org.hibernate.Version - HHH000412: Hibernate ORM core version 6.6.26.Final
2025-09-02 13:00:17 - o.h.c.i.RegionFactoryInitiator - HHH000026: Second-level cache disabled
2025-09-02 13:00:17 - o.s.o.j.p.SpringPersistenceUnitInfo - No LoadTimeWeaver setup: ignoring JPA class transformer
2025-09-02 13:00:17 - com.zaxxer.hikari.HikariDataSource - HikariPool-1 - Starting...
2025-09-02 13:00:17 - com.zaxxer.hikari.pool.HikariPool - HikariPool-1 - Added connection org.postgresql.jdbc.PgConnection@23a78c77
2025-09-02 13:00:17 - com.zaxxer.hikari.HikariDataSource - HikariPool-1 - Start completed.
2025-09-02 13:00:17 - o.hibernate.orm.connections.pooling - HHH10001005: Database info:
	Database JDBC URL [Connecting through datasource 'HikariDataSource (HikariPool-1)']
	Database driver: undefined/unknown
	Database version: 17.6
	Autocommit mode: undefined/unknown
	Isolation level: undefined/unknown
	Minimum pool size: undefined/unknown
	Maximum pool size: undefined/unknown
2025-09-02 13:00:17 - o.h.e.t.j.p.i.JtaPlatformInitiator - HHH000489: No JTA platform available (set 'hibernate.transaction.jta.platform' to enable JTA platform integration)
2025-09-02 13:00:17 - o.s.o.j.LocalContainerEntityManagerFactoryBean - Initialized JPA EntityManagerFactory for persistence unit 'default'
2025-09-02 13:00:17 - c.c.login.Filter.JwtRequestFilter - Filter 'jwtRequestFilter' configured for use
2025-09-02 13:00:18 - o.s.b.a.o.j.JpaBaseConfiguration$JpaWebConfiguration - spring.jpa.open-in-view is enabled by default. Therefore, database queries may be performed during view rendering. Explicitly configure spring.jpa.open-in-view to disable this warning
2025-09-02 13:00:18 - o.s.s.c.a.a.c.InitializeUserDetailsBeanManagerConfigurer$InitializeUserDetailsManagerConfigurer - Global AuthenticationManager configured with UserDetailsService bean with name userService
2025-09-02 13:00:18 - o.s.b.w.e.tomcat.TomcatWebServer - Tomcat started on port 8080 (http) with context path '/'
2025-09-02 13:00:18 - c.capestone.login.LoginApplication - Started LoginApplication in 2.001 seconds (process running for 2.177)
2025-09-02 13:01:35 - o.s.b.w.e.tomcat.GracefulShutdown - Commencing graceful shutdown. Waiting for active requests to complete
2025-09-02 13:01:35 - o.s.b.w.e.tomcat.GracefulShutdown - Graceful shutdown complete
2025-09-02 13:01:35 - o.s.o.j.LocalContainerEntityManagerFactoryBean - Closing JPA EntityManagerFactory for persistence unit 'default'
2025-09-02 13:01:35 - com.zaxxer.hikari.HikariDataSource - HikariPool-1 - Shutdown initiated...
2025-09-02 13:01:35 - com.zaxxer.hikari.HikariDataSource - HikariPool-1 - Shutdown completed.
2025-09-02 13:03:45 - c.capestone.login.LoginApplication - Starting LoginApplication using Java 24.0.2 with PID 11235 (/Users/YASH.B31/Documents/Capestone_Project/target/classes started by YASH.B31 in /Users/YASH.B31/Documents/Capestone_Project)
2025-09-02 13:03:45 - c.capestone.login.LoginApplication - Running with Spring Boot v3.5.5, Spring v6.2.10
2025-09-02 13:03:45 - c.capestone.login.LoginApplication - No active profile set, falling back to 1 default profile: "default"
2025-09-02 13:03:45 - o.s.d.r.c.RepositoryConfigurationDelegate - Bootstrapping Spring Data JPA repositories in DEFAULT mode.
2025-09-02 13:03:45 - o.s.d.r.c.RepositoryConfigurationDelegate - Finished Spring Data repository scanning in 16 ms. Found 1 JPA repository interface.
2025-09-02 13:03:45 - o.s.b.w.e.tomcat.TomcatWebServer - Tomcat initialized with port 8080 (http)
2025-09-02 13:03:45 - o.a.catalina.core.StandardService - Starting service [Tomcat]
2025-09-02 13:03:45 - o.a.catalina.core.StandardEngine - Starting Servlet engine: [Apache Tomcat/10.1.44]
2025-09-02 13:03:45 - o.a.c.c.C.[Tomcat].[localhost].[/] - Initializing Spring embedded WebApplicationContext
2025-09-02 13:03:45 - o.s.b.w.s.c.ServletWebServerApplicationContext - Root WebApplicationContext: initialization completed in 580 ms
2025-09-02 13:03:45 - o.h.jpa.internal.util.LogHelper - HHH000204: Processing PersistenceUnitInfo [name: default]
2025-09-02 13:03:45 - org.hibernate.Version - HHH000412: Hibernate ORM core version 6.6.26.Final
2025-09-02 13:03:45 - o.h.c.i.RegionFactoryInitiator - HHH000026: Second-level cache disabled
2025-09-02 13:03:45 - o.s.o.j.p.SpringPersistenceUnitInfo - No LoadTimeWeaver setup: ignoring JPA class transformer
2025-09-02 13:03:45 - com.zaxxer.hikari.HikariDataSource - HikariPool-1 - Starting...
2025-09-02 13:03:45 - com.zaxxer.hikari.pool.HikariPool - HikariPool-1 - Added connection org.postgresql.jdbc.PgConnection@326706d
2025-09-02 13:03:45 - com.zaxxer.hikari.HikariDataSource - HikariPool-1 - Start completed.
2025-09-02 13:03:45 - o.hibernate.orm.connections.pooling - HHH10001005: Database info:
	Database JDBC URL [Connecting through datasource 'HikariDataSource (HikariPool-1)']
	Database driver: undefined/unknown
	Database version: 17.6
	Autocommit mode: undefined/unknown
	Isolation level: undefined/unknown
	Minimum pool size: undefined/unknown
	Maximum pool size: undefined/unknown
2025-09-02 13:03:46 - o.h.e.t.j.p.i.JtaPlatformInitiator - HHH000489: No JTA platform available (set 'hibernate.transaction.jta.platform' to enable JTA platform integration)
2025-09-02 13:03:46 - o.s.o.j.LocalContainerEntityManagerFactoryBean - Initialized JPA EntityManagerFactory for persistence unit 'default'
2025-09-02 13:03:46 - c.c.login.Filter.JwtRequestFilter - Filter 'jwtRequestFilter' configured for use
2025-09-02 13:03:46 - o.s.b.a.o.j.JpaBaseConfiguration$JpaWebConfiguration - spring.jpa.open-in-view is enabled by default. Therefore, database queries may be performed during view rendering. Explicitly configure spring.jpa.open-in-view to disable this warning
2025-09-02 13:03:46 - o.s.s.c.a.a.c.InitializeUserDetailsBeanManagerConfigurer$InitializeUserDetailsManagerConfigurer - Global AuthenticationManager configured with UserDetailsService bean with name userService
2025-09-02 13:03:46 - o.s.b.w.e.tomcat.TomcatWebServer - Tomcat started on port 8080 (http) with context path '/'
2025-09-02 13:03:46 - c.capestone.login.LoginApplication - Started LoginApplication in 1.978 seconds (process running for 2.139)
2025-09-02 13:04:05 - o.s.b.w.e.tomcat.GracefulShutdown - Commencing graceful shutdown. Waiting for active requests to complete
2025-09-02 13:04:05 - o.s.b.w.e.tomcat.GracefulShutdown - Graceful shutdown complete
2025-09-02 13:04:05 - o.s.o.j.LocalContainerEntityManagerFactoryBean - Closing JPA EntityManagerFactory for persistence unit 'default'
2025-09-02 13:04:05 - com.zaxxer.hikari.HikariDataSource - HikariPool-1 - Shutdown initiated...
2025-09-02 13:04:05 - com.zaxxer.hikari.HikariDataSource - HikariPool-1 - Shutdown completed.
2025-09-02 13:04:18 - c.capestone.login.LoginApplication - Starting LoginApplication using Java 24.0.2 with PID 11282 (/Users/YASH.B31/Documents/Capestone_Project/target/classes started by YASH.B31 in /Users/YASH.B31/Documents/Capestone_Project)
2025-09-02 13:04:18 - c.capestone.login.LoginApplication - Running with Spring Boot v3.5.5, Spring v6.2.10
2025-09-02 13:04:18 - c.capestone.login.LoginApplication - No active profile set, falling back to 1 default profile: "default"
2025-09-02 13:04:18 - o.s.d.r.c.RepositoryConfigurationDelegate - Bootstrapping Spring Data JPA repositories in DEFAULT mode.
2025-09-02 13:04:18 - o.s.d.r.c.RepositoryConfigurationDelegate - Finished Spring Data repository scanning in 19 ms. Found 1 JPA repository interface.
2025-09-02 13:04:18 - o.s.b.w.e.tomcat.TomcatWebServer - Tomcat initialized with port 8080 (http)
2025-09-02 13:04:18 - o.a.catalina.core.StandardService - Starting service [Tomcat]
2025-09-02 13:04:18 - o.a.catalina.core.StandardEngine - Starting Servlet engine: [Apache Tomcat/10.1.44]
2025-09-02 13:04:18 - o.a.c.c.C.[Tomcat].[localhost].[/] - Initializing Spring embedded WebApplicationContext
2025-09-02 13:04:18 - o.s.b.w.s.c.ServletWebServerApplicationContext - Root WebApplicationContext: initialization completed in 570 ms
2025-09-02 13:04:18 - o.h.jpa.internal.util.LogHelper - HHH000204: Processing PersistenceUnitInfo [name: default]
2025-09-02 13:04:18 - org.hibernate.Version - HHH000412: Hibernate ORM core version 6.6.26.Final
2025-09-02 13:04:18 - o.h.c.i.RegionFactoryInitiator - HHH000026: Second-level cache disabled
2025-09-02 13:04:18 - o.s.o.j.p.SpringPersistenceUnitInfo - No LoadTimeWeaver setup: ignoring JPA class transformer
2025-09-02 13:04:19 - com.zaxxer.hikari.HikariDataSource - HikariPool-1 - Starting...
2025-09-02 13:04:19 - com.zaxxer.hikari.pool.HikariPool - HikariPool-1 - Added connection org.postgresql.jdbc.PgConnection@7f70e244
2025-09-02 13:04:19 - com.zaxxer.hikari.HikariDataSource - HikariPool-1 - Start completed.
2025-09-02 13:04:19 - o.hibernate.orm.connections.pooling - HHH10001005: Database info:
	Database JDBC URL [Connecting through datasource 'HikariDataSource (HikariPool-1)']
	Database driver: undefined/unknown
	Database version: 17.6
	Autocommit mode: undefined/unknown
	Isolation level: undefined/unknown
	Minimum pool size: undefined/unknown
	Maximum pool size: undefined/unknown
2025-09-02 13:04:19 - o.h.e.t.j.p.i.JtaPlatformInitiator - HHH000489: No JTA platform available (set 'hibernate.transaction.jta.platform' to enable JTA platform integration)
2025-09-02 13:04:19 - o.s.o.j.LocalContainerEntityManagerFactoryBean - Initialized JPA EntityManagerFactory for persistence unit 'default'
2025-09-02 13:04:19 - c.c.login.Filter.JwtRequestFilter - Filter 'jwtRequestFilter' configured for use
2025-09-02 13:04:19 - o.s.b.a.o.j.JpaBaseConfiguration$JpaWebConfiguration - spring.jpa.open-in-view is enabled by default. Therefore, database queries may be performed during view rendering. Explicitly configure spring.jpa.open-in-view to disable this warning
2025-09-02 13:04:19 - o.s.s.c.a.a.c.InitializeUserDetailsBeanManagerConfigurer$InitializeUserDetailsManagerConfigurer - Global AuthenticationManager configured with UserDetailsService bean with name userService
2025-09-02 13:04:19 - o.s.b.w.e.tomcat.TomcatWebServer - Tomcat started on port 8080 (http) with context path '/'
2025-09-02 13:04:19 - c.capestone.login.LoginApplication - Started LoginApplication in 1.926 seconds (process running for 2.082)
2025-09-02 13:13:10 - o.a.c.c.C.[Tomcat].[localhost].[/] - Initializing Spring DispatcherServlet 'dispatcherServlet'
2025-09-02 13:13:10 - o.s.web.servlet.DispatcherServlet - Initializing Servlet 'dispatcherServlet'
2025-09-02 13:13:10 - o.s.web.servlet.DispatcherServlet - Completed initialization in 1 ms
2025-09-02 13:13:10 - c.c.login.Service.AuthService - Attempting login for user: yash
2025-09-02 13:13:11 - c.c.login.Service.AuthService - Login successful for user: yash
2025-09-02 13:16:46 - c.c.login.Service.AuthService - Logging out token: Bearer eyJhbGciOiJIUzI1NiJ9.eyJzdWIiOiJ5YXNoIiwiaWF0IjoxNzU2Nzk4OTkxLCJleHAiOjE3NTY4MzQ5OTF9.4w1NRM3SUT9iTe8BX0jjKXdEXuqIzk9QwDgdISfWDdk
2025-09-02 13:17:26 - c.c.login.Service.AuthService - Logging out token: Bearer eyJhbGciOiJIUzI1NiJ9.eyJzdWIiOiJ5YXNoIiwiaWF0IjoxNzU2Nzk4OTkxLCJleHAiOjE3NTY4MzQ5OTF9.4w1NRM3SUT9iTe8BX0jjKXdEXuqIzk9QwDgdISfWDdk
2025-09-02 13:17:27 - c.c.login.Service.AuthService - Logging out token: Bearer eyJhbGciOiJIUzI1NiJ9.eyJzdWIiOiJ5YXNoIiwiaWF0IjoxNzU2Nzk4OTkxLCJleHAiOjE3NTY4MzQ5OTF9.4w1NRM3SUT9iTe8BX0jjKXdEXuqIzk9QwDgdISfWDdk
2025-09-02 13:17:31 - c.c.login.Service.AuthService - Logging out token: Bearer eyJhbGciOiJIUzI1NiJ9.eyJzdWIiOiJ5YXNoIiwiaWF0IjoxNzU2Nzk4OTkxLCJleHAiOjE3NTY4MzQ5OTF9.4w1NRM3SUT9iTe8BX0jjKXdEXuqIzk9QwDgdISfWDdk
2025-09-02 13:17:32 - c.c.login.Service.AuthService - Logging out token: Bearer eyJhbGciOiJIUzI1NiJ9.eyJzdWIiOiJ5YXNoIiwiaWF0IjoxNzU2Nzk4OTkxLCJleHAiOjE3NTY4MzQ5OTF9.4w1NRM3SUT9iTe8BX0jjKXdEXuqIzk9QwDgdISfWDdk
2025-09-02 13:17:33 - c.c.login.Service.AuthService - Logging out token: Bearer eyJhbGciOiJIUzI1NiJ9.eyJzdWIiOiJ5YXNoIiwiaWF0IjoxNzU2Nzk4OTkxLCJleHAiOjE3NTY4MzQ5OTF9.4w1NRM3SUT9iTe8BX0jjKXdEXuqIzk9QwDgdISfWDdk
2025-09-02 13:17:33 - c.c.login.Service.AuthService - Logging out token: Bearer eyJhbGciOiJIUzI1NiJ9.eyJzdWIiOiJ5YXNoIiwiaWF0IjoxNzU2Nzk4OTkxLCJleHAiOjE3NTY4MzQ5OTF9.4w1NRM3SUT9iTe8BX0jjKXdEXuqIzk9QwDgdISfWDdk
2025-09-02 13:17:33 - c.c.login.Service.AuthService - Logging out token: Bearer eyJhbGciOiJIUzI1NiJ9.eyJzdWIiOiJ5YXNoIiwiaWF0IjoxNzU2Nzk4OTkxLCJleHAiOjE3NTY4MzQ5OTF9.4w1NRM3SUT9iTe8BX0jjKXdEXuqIzk9QwDgdISfWDdk
2025-09-02 13:17:34 - c.c.login.Service.AuthService - Logging out token: Bearer eyJhbGciOiJIUzI1NiJ9.eyJzdWIiOiJ5YXNoIiwiaWF0IjoxNzU2Nzk4OTkxLCJleHAiOjE3NTY4MzQ5OTF9.4w1NRM3SUT9iTe8BX0jjKXdEXuqIzk9QwDgdISfWDdk
2025-09-02 13:17:34 - c.c.login.Service.AuthService - Logging out token: Bearer eyJhbGciOiJIUzI1NiJ9.eyJzdWIiOiJ5YXNoIiwiaWF0IjoxNzU2Nzk4OTkxLCJleHAiOjE3NTY4MzQ5OTF9.4w1NRM3SUT9iTe8BX0jjKXdEXuqIzk9QwDgdISfWDdk
2025-09-02 13:17:34 - c.c.login.Service.AuthService - Logging out token: Bearer eyJhbGciOiJIUzI1NiJ9.eyJzdWIiOiJ5YXNoIiwiaWF0IjoxNzU2Nzk4OTkxLCJleHAiOjE3NTY4MzQ5OTF9.4w1NRM3SUT9iTe8BX0jjKXdEXuqIzk9QwDgdISfWDdk
2025-09-02 13:17:34 - c.c.login.Service.AuthService - Logging out token: Bearer eyJhbGciOiJIUzI1NiJ9.eyJzdWIiOiJ5YXNoIiwiaWF0IjoxNzU2Nzk4OTkxLCJleHAiOjE3NTY4MzQ5OTF9.4w1NRM3SUT9iTe8BX0jjKXdEXuqIzk9QwDgdISfWDdk
2025-09-02 13:17:34 - c.c.login.Service.AuthService - Logging out token: Bearer eyJhbGciOiJIUzI1NiJ9.eyJzdWIiOiJ5YXNoIiwiaWF0IjoxNzU2Nzk4OTkxLCJleHAiOjE3NTY4MzQ5OTF9.4w1NRM3SUT9iTe8BX0jjKXdEXuqIzk9QwDgdISfWDdk
2025-09-02 13:17:35 - c.c.login.Service.AuthService - Logging out token: Bearer eyJhbGciOiJIUzI1NiJ9.eyJzdWIiOiJ5YXNoIiwiaWF0IjoxNzU2Nzk4OTkxLCJleHAiOjE3NTY4MzQ5OTF9.4w1NRM3SUT9iTe8BX0jjKXdEXuqIzk9QwDgdISfWDdk
2025-09-02 13:17:41 - c.c.login.Service.AuthService - Logging out token: Bearer eyJhbGciOiJIUzI1NiJ9.eyJzdWIiOiJ5YXNoIiwiaWF0IjoxNzU2Nzk4OTkxLCJleHAiOjE3NTY4MzQ5OTF9.4w1NRM3SUT9iTe8BX0jjKXdEXuqIzk9QwDgdISfWDdk
2025-09-02 13:17:42 - c.c.login.Service.AuthService - Logging out token: Bearer eyJhbGciOiJIUzI1NiJ9.eyJzdWIiOiJ5YXNoIiwiaWF0IjoxNzU2Nzk4OTkxLCJleHAiOjE3NTY4MzQ5OTF9.4w1NRM3SUT9iTe8BX0jjKXdEXuqIzk9QwDgdISfWDdk
2025-09-02 13:17:44 - c.c.login.Service.AuthService - Logging out token: Bearer eyJhbGciOiJIUzI1NiJ9.eyJzdWIiOiJ5YXNoIiwiaWF0IjoxNzU2Nzk4OTkxLCJleHAiOjE3NTY4MzQ5OTF9.4w1NRM3SUT9iTe8BX0jjKXdEXuqIzk9QwDgdISfWDdk
2025-09-02 13:18:41 - c.c.login.Service.AuthService - Attempting login for user: yash
2025-09-02 13:18:41 - c.c.login.Service.AuthService - Login successful for user: yash
2025-09-02 13:18:42 - c.c.login.Service.AuthService - Attempting login for user: yash
2025-09-02 13:18:42 - c.c.login.Service.AuthService - Login successful for user: yash
2025-09-02 13:19:39 - o.s.w.s.m.s.DefaultHandlerExceptionResolver - Resolved [org.springframework.web.bind.MissingRequestHeaderException: Required request header 'Authorization' for method parameter type String is not present]
2025-09-02 13:19:55 - o.s.w.s.m.s.DefaultHandlerExceptionResolver - Resolved [org.springframework.web.bind.MissingRequestHeaderException: Required request header 'Authorization' for method parameter type String is not present]
2025-09-02 13:19:56 - o.s.w.s.m.s.DefaultHandlerExceptionResolver - Resolved [org.springframework.web.bind.MissingRequestHeaderException: Required request header 'Authorization' for method parameter type String is not present]
2025-09-02 13:19:58 - o.s.w.s.m.s.DefaultHandlerExceptionResolver - Resolved [org.springframework.web.bind.MissingRequestHeaderException: Required request header 'Authorization' for method parameter type String is not present]
2025-09-02 13:19:58 - o.s.w.s.m.s.DefaultHandlerExceptionResolver - Resolved [org.springframework.web.bind.MissingRequestHeaderException: Required request header 'Authorization' for method parameter type String is not present]
2025-09-02 13:20:10 - o.s.w.s.m.s.DefaultHandlerExceptionResolver - Resolved [org.springframework.web.bind.MissingRequestHeaderException: Required request header 'Authorization' for method parameter type String is not present]
2025-09-02 13:20:12 - o.s.w.s.m.s.DefaultHandlerExceptionResolver - Resolved [org.springframework.web.bind.MissingRequestHeaderException: Required request header 'Authorization' for method parameter type String is not present]
2025-09-02 13:20:39 - o.s.w.s.m.s.DefaultHandlerExceptionResolver - Resolved [org.springframework.web.HttpRequestMethodNotSupportedException: Request method 'GET' is not supported]
2025-09-02 13:27:46 - c.c.login.Service.AuthService - Attempting login for user: yash
2025-09-02 13:27:46 - c.c.login.Service.AuthService - Login successful for user: yash
2025-09-02 13:28:06 - o.s.w.s.m.s.DefaultHandlerExceptionResolver - Resolved [org.springframework.web.bind.MissingRequestHeaderException: Required request header 'Authorization' for method parameter type String is not present]
2025-09-02 13:28:41 - c.c.login.Service.AuthService - Logging out token: eyJhbGciOiJIUzI1NiJ9.eyJzdWIiOiJ5YXNoIiwiaWF0IjoxNzU2Nzk5ODY2LCJleHAiOjE3NTY4MzU4NjZ9.bjNY4Kkzc7zfopcVJ8jF8uBekmhyb6XjHofP5Uo_geM
2025-09-02 13:28:52 - c.c.login.Service.AuthService - Attempting login for user: yash1
2025-09-02 13:28:52 - c.c.login.Service.AuthService - Login failed for user: yash1. Fallback triggered due to: Bad credentials
2025-09-02 13:28:58 - c.c.login.Service.AuthService - Attempting login for user: yash
2025-09-02 13:28:58 - c.c.login.Service.AuthService - Login successful for user: yash
2025-09-02 13:29:16 - c.c.login.Service.AuthService - Logging out token: eyJhbGciOiJIUzI1NiJ9.eyJzdWIiOiJ5YXNoIiwiaWF0IjoxNzU2Nzk5ODY2LCJleHAiOjE3NTY4MzU4NjZ9.bjNY4Kkzc7zfopcVJ8jF8uBekmhyb6XjHofP5Uo_geM
2025-09-02 13:29:17 - c.c.login.Service.AuthService - Logging out token: eyJhbGciOiJIUzI1NiJ9.eyJzdWIiOiJ5YXNoIiwiaWF0IjoxNzU2Nzk5ODY2LCJleHAiOjE3NTY4MzU4NjZ9.bjNY4Kkzc7zfopcVJ8jF8uBekmhyb6XjHofP5Uo_geM
2025-09-02 13:29:17 - c.c.login.Service.AuthService - Logging out token: eyJhbGciOiJIUzI1NiJ9.eyJzdWIiOiJ5YXNoIiwiaWF0IjoxNzU2Nzk5ODY2LCJleHAiOjE3NTY4MzU4NjZ9.bjNY4Kkzc7zfopcVJ8jF8uBekmhyb6XjHofP5Uo_geM
2025-09-02 13:29:17 - c.c.login.Service.AuthService - Logging out token: eyJhbGciOiJIUzI1NiJ9.eyJzdWIiOiJ5YXNoIiwiaWF0IjoxNzU2Nzk5ODY2LCJleHAiOjE3NTY4MzU4NjZ9.bjNY4Kkzc7zfopcVJ8jF8uBekmhyb6XjHofP5Uo_geM
2025-09-02 13:29:22 - c.c.login.Service.AuthService - Logging out token: eyJhbGciOiJIUzI1NiJ9.eyJzdWIiOiJ5YXNoIiwiaWF0IjoxNzU2Nzk5OTM4LCJleHAiOjE3NTY4MzU5Mzh9.jEtWFtOljuGCUkUnRI0MtvC6ywYR0rYRnD2I89zaZMc
2025-09-02 13:29:28 - o.s.w.s.m.s.DefaultHandlerExceptionResolver - Resolved [org.springframework.web.bind.MissingRequestHeaderException: Required request header 'Authorization' for method parameter type String is not present]
2025-09-02 13:29:48 - c.c.login.Service.AuthService - Logging out token: eyJhbGciOiJIUzI1NiJ9.eyJzdWIiOiJ5YXNoIiwiaWF0IjoxNzU2Nzk5OTM4LCJleHAiOjE3NTY4MzU5Mzh9.jEtWFtOljuGCUkUnRI0MtvC6ywYR0rYRnD2I89zaZMc
2025-09-02 13:31:40 - c.c.login.Service.AuthService - Attempting login for user: yash
2025-09-02 13:31:40 - c.c.login.Service.AuthService - Login successful for user: yash
2025-09-02 13:32:59 - o.s.b.w.e.tomcat.GracefulShutdown - Commencing graceful shutdown. Waiting for active requests to complete
2025-09-02 13:33:00 - o.s.b.w.e.tomcat.GracefulShutdown - Graceful shutdown complete
2025-09-02 13:33:00 - o.s.o.j.LocalContainerEntityManagerFactoryBean - Closing JPA EntityManagerFactory for persistence unit 'default'
2025-09-02 13:33:00 - com.zaxxer.hikari.HikariDataSource - HikariPool-1 - Shutdown initiated...
2025-09-02 13:33:00 - com.zaxxer.hikari.HikariDataSource - HikariPool-1 - Shutdown completed.
2025-09-02 13:33:01 - c.capestone.login.LoginApplication - Starting LoginApplication using Java 24.0.2 with PID 12597 (/Users/YASH.B31/Documents/Capestone_Project/target/classes started by YASH.B31 in /Users/YASH.B31/Documents/Capestone_Project)
2025-09-02 13:33:01 - c.capestone.login.LoginApplication - Running with Spring Boot v3.5.5, Spring v6.2.10
2025-09-02 13:33:01 - c.capestone.login.LoginApplication - No active profile set, falling back to 1 default profile: "default"
2025-09-02 13:33:01 - o.s.d.r.c.RepositoryConfigurationDelegate - Bootstrapping Spring Data JPA repositories in DEFAULT mode.
2025-09-02 13:33:01 - o.s.d.r.c.RepositoryConfigurationDelegate - Finished Spring Data repository scanning in 18 ms. Found 1 JPA repository interface.
2025-09-02 13:33:02 - o.s.b.w.e.tomcat.TomcatWebServer - Tomcat initialized with port 8080 (http)
2025-09-02 13:33:02 - o.a.catalina.core.StandardService - Starting service [Tomcat]
2025-09-02 13:33:02 - o.a.catalina.core.StandardEngine - Starting Servlet engine: [Apache Tomcat/10.1.44]
2025-09-02 13:33:02 - o.a.c.c.C.[Tomcat].[localhost].[/] - Initializing Spring embedded WebApplicationContext
2025-09-02 13:33:02 - o.s.b.w.s.c.ServletWebServerApplicationContext - Root WebApplicationContext: initialization completed in 574 ms
2025-09-02 13:33:02 - o.h.jpa.internal.util.LogHelper - HHH000204: Processing PersistenceUnitInfo [name: default]
2025-09-02 13:33:02 - org.hibernate.Version - HHH000412: Hibernate ORM core version 6.6.26.Final
2025-09-02 13:33:02 - o.h.c.i.RegionFactoryInitiator - HHH000026: Second-level cache disabled
2025-09-02 13:33:02 - o.s.o.j.p.SpringPersistenceUnitInfo - No LoadTimeWeaver setup: ignoring JPA class transformer
2025-09-02 13:33:02 - com.zaxxer.hikari.HikariDataSource - HikariPool-1 - Starting...
2025-09-02 13:33:02 - com.zaxxer.hikari.pool.HikariPool - HikariPool-1 - Added connection org.postgresql.jdbc.PgConnection@430aae8e
2025-09-02 13:33:02 - com.zaxxer.hikari.HikariDataSource - HikariPool-1 - Start completed.
2025-09-02 13:33:02 - o.hibernate.orm.connections.pooling - HHH10001005: Database info:
	Database JDBC URL [Connecting through datasource 'HikariDataSource (HikariPool-1)']
	Database driver: undefined/unknown
	Database version: 17.6
	Autocommit mode: undefined/unknown
	Isolation level: undefined/unknown
	Minimum pool size: undefined/unknown
	Maximum pool size: undefined/unknown
2025-09-02 13:33:02 - o.h.e.t.j.p.i.JtaPlatformInitiator - HHH000489: No JTA platform available (set 'hibernate.transaction.jta.platform' to enable JTA platform integration)
2025-09-02 13:33:02 - o.s.o.j.LocalContainerEntityManagerFactoryBean - Initialized JPA EntityManagerFactory for persistence unit 'default'
2025-09-02 13:33:02 - c.c.login.Filter.JwtRequestFilter - Filter 'jwtRequestFilter' configured for use
2025-09-02 13:33:02 - o.s.b.a.o.j.JpaBaseConfiguration$JpaWebConfiguration - spring.jpa.open-in-view is enabled by default. Therefore, database queries may be performed during view rendering. Explicitly configure spring.jpa.open-in-view to disable this warning
2025-09-02 13:33:02 - o.s.s.c.a.a.c.InitializeUserDetailsBeanManagerConfigurer$InitializeUserDetailsManagerConfigurer - Global AuthenticationManager configured with UserDetailsService bean with name userService
2025-09-02 13:33:03 - o.s.b.w.e.tomcat.TomcatWebServer - Tomcat started on port 8080 (http) with context path '/'
2025-09-02 13:33:03 - c.capestone.login.LoginApplication - Started LoginApplication in 1.917 seconds (process running for 2.101)
2025-09-02 13:33:06 - o.a.c.c.C.[Tomcat].[localhost].[/] - Initializing Spring DispatcherServlet 'dispatcherServlet'
2025-09-02 13:33:06 - o.s.web.servlet.DispatcherServlet - Initializing Servlet 'dispatcherServlet'
2025-09-02 13:33:06 - o.s.web.servlet.DispatcherServlet - Completed initialization in 1 ms
2025-09-02 13:33:07 - c.c.login.Service.AuthService - Attempting login for user: yash
2025-09-02 13:33:07 - c.c.login.Service.AuthService - Login successful for user: yash
2025-09-02 13:33:35 - o.s.b.w.e.tomcat.GracefulShutdown - Commencing graceful shutdown. Waiting for active requests to complete
2025-09-02 13:33:36 - o.s.b.w.e.tomcat.GracefulShutdown - Graceful shutdown complete
2025-09-02 13:33:36 - o.s.o.j.LocalContainerEntityManagerFactoryBean - Closing JPA EntityManagerFactory for persistence unit 'default'
2025-09-02 13:33:36 - com.zaxxer.hikari.HikariDataSource - HikariPool-1 - Shutdown initiated...
2025-09-02 13:33:36 - com.zaxxer.hikari.HikariDataSource - HikariPool-1 - Shutdown completed.
2025-09-02 13:33:38 - c.capestone.login.LoginApplication - Starting LoginApplication using Java 24.0.2 with PID 12641 (/Users/YASH.B31/Documents/Capestone_Project/target/classes started by YASH.B31 in /Users/YASH.B31/Documents/Capestone_Project)
2025-09-02 13:33:38 - c.capestone.login.LoginApplication - Running with Spring Boot v3.5.5, Spring v6.2.10
2025-09-02 13:33:38 - c.capestone.login.LoginApplication - No active profile set, falling back to 1 default profile: "default"
2025-09-02 13:33:38 - o.s.d.r.c.RepositoryConfigurationDelegate - Bootstrapping Spring Data JPA repositories in DEFAULT mode.
2025-09-02 13:33:38 - o.s.d.r.c.RepositoryConfigurationDelegate - Finished Spring Data repository scanning in 16 ms. Found 1 JPA repository interface.
2025-09-02 13:33:38 - o.s.b.w.e.tomcat.TomcatWebServer - Tomcat initialized with port 8080 (http)
2025-09-02 13:33:38 - o.a.catalina.core.StandardService - Starting service [Tomcat]
2025-09-02 13:33:38 - o.a.catalina.core.StandardEngine - Starting Servlet engine: [Apache Tomcat/10.1.44]
2025-09-02 13:33:38 - o.a.c.c.C.[Tomcat].[localhost].[/] - Initializing Spring embedded WebApplicationContext
2025-09-02 13:33:38 - o.s.b.w.s.c.ServletWebServerApplicationContext - Root WebApplicationContext: initialization completed in 604 ms
2025-09-02 13:33:39 - o.h.jpa.internal.util.LogHelper - HHH000204: Processing PersistenceUnitInfo [name: default]
2025-09-02 13:33:39 - org.hibernate.Version - HHH000412: Hibernate ORM core version 6.6.26.Final
2025-09-02 13:33:39 - o.h.c.i.RegionFactoryInitiator - HHH000026: Second-level cache disabled
2025-09-02 13:33:39 - o.s.o.j.p.SpringPersistenceUnitInfo - No LoadTimeWeaver setup: ignoring JPA class transformer
2025-09-02 13:33:39 - com.zaxxer.hikari.HikariDataSource - HikariPool-1 - Starting...
2025-09-02 13:33:39 - com.zaxxer.hikari.pool.HikariPool - HikariPool-1 - Added connection org.postgresql.jdbc.PgConnection@3f64d943
2025-09-02 13:33:39 - com.zaxxer.hikari.HikariDataSource - HikariPool-1 - Start completed.
2025-09-02 13:33:39 - o.hibernate.orm.connections.pooling - HHH10001005: Database info:
	Database JDBC URL [Connecting through datasource 'HikariDataSource (HikariPool-1)']
	Database driver: undefined/unknown
	Database version: 17.6
	Autocommit mode: undefined/unknown
	Isolation level: undefined/unknown
	Minimum pool size: undefined/unknown
	Maximum pool size: undefined/unknown
2025-09-02 13:33:39 - o.h.e.t.j.p.i.JtaPlatformInitiator - HHH000489: No JTA platform available (set 'hibernate.transaction.jta.platform' to enable JTA platform integration)
2025-09-02 13:33:39 - o.s.o.j.LocalContainerEntityManagerFactoryBean - Initialized JPA EntityManagerFactory for persistence unit 'default'
2025-09-02 13:33:39 - c.c.login.Filter.JwtRequestFilter - Filter 'jwtRequestFilter' configured for use
2025-09-02 13:33:39 - o.s.b.a.o.j.JpaBaseConfiguration$JpaWebConfiguration - spring.jpa.open-in-view is enabled by default. Therefore, database queries may be performed during view rendering. Explicitly configure spring.jpa.open-in-view to disable this warning
2025-09-02 13:33:39 - o.s.s.c.a.a.c.InitializeUserDetailsBeanManagerConfigurer$InitializeUserDetailsManagerConfigurer - Global AuthenticationManager configured with UserDetailsService bean with name userService
2025-09-02 13:33:40 - o.s.b.w.e.tomcat.TomcatWebServer - Tomcat started on port 8080 (http) with context path '/'
2025-09-02 13:33:40 - c.capestone.login.LoginApplication - Started LoginApplication in 2.052 seconds (process running for 2.2)
2025-09-02 13:33:44 - o.a.c.c.C.[Tomcat].[localhost].[/] - Initializing Spring DispatcherServlet 'dispatcherServlet'
2025-09-02 13:33:44 - o.s.web.servlet.DispatcherServlet - Initializing Servlet 'dispatcherServlet'
2025-09-02 13:33:44 - o.s.web.servlet.DispatcherServlet - Completed initialization in 1 ms
2025-09-02 13:33:44 - c.c.login.Service.AuthService - Attempting login for user: yash
2025-09-02 13:33:44 - c.c.login.Service.AuthService - Login successful for user: yash
2025-09-02 13:33:59 - c.c.login.Service.AuthService - Logging out token: eyJhbGciOiJIUzI1NiJ9.eyJzdWIiOiJ5YXNoIiwiaWF0IjoxNzU2Nzk5OTM4LCJleHAiOjE3NTY4MzU5Mzh9.jEtWFtOljuGCUkUnRI0MtvC6ywYR0rYRnD2I89zaZMc
2025-09-02 13:34:04 - c.c.login.Service.AuthService - Logging out token: eyJhbGciOiJIUzI1NiJ9.eyJzdWIiOiJ5YXNoIiwiaWF0IjoxNzU2ODAwMjI0LCJleHAiOjE3NTY4MDAyNTR9.lGSAu0mbHbsRE9XH-hNUamvR3inJsPPEQdJA41BI74w
2025-09-02 13:34:19 - c.c.login.Service.AuthService - Attempting login for user: yash
2025-09-02 13:34:19 - c.c.login.Service.AuthService - Login successful for user: yash
2025-09-02 13:34:48 - c.c.login.Service.AuthService - Logging out token: eyJhbGciOiJIUzI1NiJ9.eyJzdWIiOiJ5YXNoIiwiaWF0IjoxNzU2ODAwMjI0LCJleHAiOjE3NTY4MDAyNTR9.lGSAu0mbHbsRE9XH-hNUamvR3inJsPPEQdJA41BI74w
2025-09-02 13:34:49 - c.c.login.Service.AuthService - Logging out token: eyJhbGciOiJIUzI1NiJ9.eyJzdWIiOiJ5YXNoIiwiaWF0IjoxNzU2ODAwMjI0LCJleHAiOjE3NTY4MDAyNTR9.lGSAu0mbHbsRE9XH-hNUamvR3inJsPPEQdJA41BI74w
2025-09-02 13:34:49 - c.c.login.Service.AuthService - Logging out token: eyJhbGciOiJIUzI1NiJ9.eyJzdWIiOiJ5YXNoIiwiaWF0IjoxNzU2ODAwMjI0LCJleHAiOjE3NTY4MDAyNTR9.lGSAu0mbHbsRE9XH-hNUamvR3inJsPPEQdJA41BI74w
2025-09-02 13:34:50 - c.c.login.Service.AuthService - Logging out token: eyJhbGciOiJIUzI1NiJ9.eyJzdWIiOiJ5YXNoIiwiaWF0IjoxNzU2ODAwMjI0LCJleHAiOjE3NTY4MDAyNTR9.lGSAu0mbHbsRE9XH-hNUamvR3inJsPPEQdJA41BI74w
2025-09-02 13:34:50 - c.c.login.Service.AuthService - Logging out token: eyJhbGciOiJIUzI1NiJ9.eyJzdWIiOiJ5YXNoIiwiaWF0IjoxNzU2ODAwMjI0LCJleHAiOjE3NTY4MDAyNTR9.lGSAu0mbHbsRE9XH-hNUamvR3inJsPPEQdJA41BI74w
2025-09-02 13:34:50 - c.c.login.Service.AuthService - Logging out token: eyJhbGciOiJIUzI1NiJ9.eyJzdWIiOiJ5YXNoIiwiaWF0IjoxNzU2ODAwMjI0LCJleHAiOjE3NTY4MDAyNTR9.lGSAu0mbHbsRE9XH-hNUamvR3inJsPPEQdJA41BI74w
2025-09-02 13:34:51 - c.c.login.Service.AuthService - Logging out token: eyJhbGciOiJIUzI1NiJ9.eyJzdWIiOiJ5YXNoIiwiaWF0IjoxNzU2ODAwMjI0LCJleHAiOjE3NTY4MDAyNTR9.lGSAu0mbHbsRE9XH-hNUamvR3inJsPPEQdJA41BI74w
2025-09-02 13:34:51 - c.c.login.Service.AuthService - Logging out token: eyJhbGciOiJIUzI1NiJ9.eyJzdWIiOiJ5YXNoIiwiaWF0IjoxNzU2ODAwMjI0LCJleHAiOjE3NTY4MDAyNTR9.lGSAu0mbHbsRE9XH-hNUamvR3inJsPPEQdJA41BI74w
2025-09-02 13:34:52 - c.c.login.Service.AuthService - Logging out token: eyJhbGciOiJIUzI1NiJ9.eyJzdWIiOiJ5YXNoIiwiaWF0IjoxNzU2ODAwMjI0LCJleHAiOjE3NTY4MDAyNTR9.lGSAu0mbHbsRE9XH-hNUamvR3inJsPPEQdJA41BI74w
2025-09-02 13:34:52 - c.c.login.Service.AuthService - Logging out token: eyJhbGciOiJIUzI1NiJ9.eyJzdWIiOiJ5YXNoIiwiaWF0IjoxNzU2ODAwMjI0LCJleHAiOjE3NTY4MDAyNTR9.lGSAu0mbHbsRE9XH-hNUamvR3inJsPPEQdJA41BI74w
2025-09-02 13:34:52 - c.c.login.Service.AuthService - Logging out token: eyJhbGciOiJIUzI1NiJ9.eyJzdWIiOiJ5YXNoIiwiaWF0IjoxNzU2ODAwMjI0LCJleHAiOjE3NTY4MDAyNTR9.lGSAu0mbHbsRE9XH-hNUamvR3inJsPPEQdJA41BI74w
2025-09-02 13:34:58 - c.c.login.Service.AuthService - Logging out token: eyJhbGciOiJIUzI1NiJ9.eyJzdWIiOiJ5YXNoIiwiaWF0IjoxNzU2ODAwMjI0LCJleHAiOjE3NTY4MDAyNTR9.lGSAu0mbHbsRE9XH-hNUamvR3inJsPPEQdJA41BI74w
2025-09-02 13:34:58 - c.c.login.Service.AuthService - Logging out token: eyJhbGciOiJIUzI1NiJ9.eyJzdWIiOiJ5YXNoIiwiaWF0IjoxNzU2ODAwMjI0LCJleHAiOjE3NTY4MDAyNTR9.lGSAu0mbHbsRE9XH-hNUamvR3inJsPPEQdJA41BI74w
2025-09-02 13:34:59 - c.c.login.Service.AuthService - Logging out token: eyJhbGciOiJIUzI1NiJ9.eyJzdWIiOiJ5YXNoIiwiaWF0IjoxNzU2ODAwMjI0LCJleHAiOjE3NTY4MDAyNTR9.lGSAu0mbHbsRE9XH-hNUamvR3inJsPPEQdJA41BI74w
2025-09-02 13:34:59 - c.c.login.Service.AuthService - Logging out token: eyJhbGciOiJIUzI1NiJ9.eyJzdWIiOiJ5YXNoIiwiaWF0IjoxNzU2ODAwMjI0LCJleHAiOjE3NTY4MDAyNTR9.lGSAu0mbHbsRE9XH-hNUamvR3inJsPPEQdJA41BI74w
2025-09-02 13:35:07 - c.c.login.Service.AuthService - Logging out token: eyJhbGciOiJIUzI1NiJ9.eyJzdWIiOiJ5YXNoIiwiaWF0IjoxNzU2ODAwMjU5LCJleHAiOjE3NTY4MDAyODl9.ceK11cSDUd0bPNvIbeDpEyUerxuW27uPxYL-MtzIMOE
2025-09-02 14:37:04 - com.zaxxer.hikari.pool.HikariPool - HikariPool-1 - Thread starvation or clock leap detected (housekeeper delta=44m25s99ms).
2025-09-02 14:43:06 - o.s.b.w.e.tomcat.GracefulShutdown - Commencing graceful shutdown. Waiting for active requests to complete
2025-09-02 14:43:06 - o.s.b.w.e.tomcat.GracefulShutdown - Graceful shutdown complete
2025-09-02 14:43:06 - o.s.o.j.LocalContainerEntityManagerFactoryBean - Closing JPA EntityManagerFactory for persistence unit 'default'
2025-09-02 14:43:06 - com.zaxxer.hikari.HikariDataSource - HikariPool-1 - Shutdown initiated...
2025-09-02 14:43:06 - com.zaxxer.hikari.HikariDataSource - HikariPool-1 - Shutdown completed.
2025-09-02 14:43:10 - c.capestone.login.LoginApplication - Starting LoginApplication using Java 24.0.2 with PID 13776 (/Users/YASH.B31/Documents/Capestone_Project/target/classes started by YASH.B31 in /Users/YASH.B31/Documents/Capestone_Project)
2025-09-02 14:43:10 - c.capestone.login.LoginApplication - Running with Spring Boot v3.5.5, Spring v6.2.10
2025-09-02 14:43:10 - c.capestone.login.LoginApplication - No active profile set, falling back to 1 default profile: "default"
2025-09-02 14:43:11 - o.s.d.r.c.RepositoryConfigurationDelegate - Bootstrapping Spring Data JPA repositories in DEFAULT mode.
2025-09-02 14:43:11 - o.s.d.r.c.RepositoryConfigurationDelegate - Finished Spring Data repository scanning in 15 ms. Found 1 JPA repository interface.
2025-09-02 14:43:11 - o.s.b.w.e.tomcat.TomcatWebServer - Tomcat initialized with port 8080 (http)
2025-09-02 14:43:11 - o.a.catalina.core.StandardService - Starting service [Tomcat]
2025-09-02 14:43:11 - o.a.catalina.core.StandardEngine - Starting Servlet engine: [Apache Tomcat/10.1.44]
2025-09-02 14:43:11 - o.a.c.c.C.[Tomcat].[localhost].[/] - Initializing Spring embedded WebApplicationContext
2025-09-02 14:43:11 - o.s.b.w.s.c.ServletWebServerApplicationContext - Root WebApplicationContext: initialization completed in 568 ms
2025-09-02 14:43:11 - o.h.jpa.internal.util.LogHelper - HHH000204: Processing PersistenceUnitInfo [name: default]
2025-09-02 14:43:11 - org.hibernate.Version - HHH000412: Hibernate ORM core version 6.6.26.Final
2025-09-02 14:43:11 - o.h.c.i.RegionFactoryInitiator - HHH000026: Second-level cache disabled
2025-09-02 14:43:11 - o.s.o.j.p.SpringPersistenceUnitInfo - No LoadTimeWeaver setup: ignoring JPA class transformer
2025-09-02 14:43:11 - com.zaxxer.hikari.HikariDataSource - HikariPool-1 - Starting...
2025-09-02 14:43:11 - com.zaxxer.hikari.pool.HikariPool - HikariPool-1 - Added connection org.postgresql.jdbc.PgConnection@53fbb2b4
2025-09-02 14:43:11 - com.zaxxer.hikari.HikariDataSource - HikariPool-1 - Start completed.
2025-09-02 14:43:11 - o.hibernate.orm.connections.pooling - HHH10001005: Database info:
	Database JDBC URL [Connecting through datasource 'HikariDataSource (HikariPool-1)']
	Database driver: undefined/unknown
	Database version: 17.6
	Autocommit mode: undefined/unknown
	Isolation level: undefined/unknown
	Minimum pool size: undefined/unknown
	Maximum pool size: undefined/unknown
2025-09-02 14:43:12 - o.h.e.t.j.p.i.JtaPlatformInitiator - HHH000489: No JTA platform available (set 'hibernate.transaction.jta.platform' to enable JTA platform integration)
2025-09-02 14:43:12 - o.s.o.j.LocalContainerEntityManagerFactoryBean - Initialized JPA EntityManagerFactory for persistence unit 'default'
2025-09-02 14:43:12 - c.c.login.Filter.JwtRequestFilter - Filter 'jwtRequestFilter' configured for use
2025-09-02 14:43:12 - o.s.b.a.o.j.JpaBaseConfiguration$JpaWebConfiguration - spring.jpa.open-in-view is enabled by default. Therefore, database queries may be performed during view rendering. Explicitly configure spring.jpa.open-in-view to disable this warning
2025-09-02 14:43:12 - o.s.s.c.a.a.c.InitializeUserDetailsBeanManagerConfigurer$InitializeUserDetailsManagerConfigurer - Global AuthenticationManager configured with UserDetailsService bean with name userService
2025-09-02 14:43:12 - o.s.b.w.e.tomcat.TomcatWebServer - Tomcat started on port 8080 (http) with context path '/'
2025-09-02 14:43:12 - c.capestone.login.LoginApplication - Started LoginApplication in 1.89 seconds (process running for 2.027)
2025-09-02 14:43:29 - o.a.c.c.C.[Tomcat].[localhost].[/] - Initializing Spring DispatcherServlet 'dispatcherServlet'
2025-09-02 14:43:29 - o.s.web.servlet.DispatcherServlet - Initializing Servlet 'dispatcherServlet'
2025-09-02 14:43:29 - o.s.web.servlet.DispatcherServlet - Completed initialization in 0 ms
2025-09-02 14:43:29 - c.c.login.Service.AuthService - Attempting login for user: yash
2025-09-02 14:43:29 - c.c.login.Service.AuthService - Login successful for user: yash
2025-09-02 14:43:48 - o.a.c.c.C.[.[.[.[dispatcherServlet] - Servlet.service() for servlet [dispatcherServlet] in context with path [] threw exception [Request processing failed: io.jsonwebtoken.ExpiredJwtException: JWT expired at 2025-09-02T08:04:49Z. Current time: 2025-09-02T09:13:48Z, a difference of 4139552 milliseconds.  Allowed clock skew: 0 milliseconds.] with root cause
io.jsonwebtoken.ExpiredJwtException: JWT expired at 2025-09-02T08:04:49Z. Current time: 2025-09-02T09:13:48Z, a difference of 4139552 milliseconds.  Allowed clock skew: 0 milliseconds.
	at io.jsonwebtoken.impl.DefaultJwtParser.parse(DefaultJwtParser.java:427)
	at io.jsonwebtoken.impl.DefaultJwtParser.parse(DefaultJwtParser.java:529)
	at io.jsonwebtoken.impl.DefaultJwtParser.parseClaimsJws(DefaultJwtParser.java:589)
	at io.jsonwebtoken.impl.ImmutableJwtParser.parseClaimsJws(ImmutableJwtParser.java:173)
	at com.capestone.login.Util.JwtUtil.extractAllClaims(JwtUtil.java:35)
	at com.capestone.login.Util.JwtUtil.extractClaim(JwtUtil.java:30)
	at com.capestone.login.Util.JwtUtil.extractJti(JwtUtil.java:60)
	at com.capestone.login.Service.AuthService.logout(AuthService.java:60)
	at java.base/jdk.internal.reflect.DirectMethodHandleAccessor.invoke(DirectMethodHandleAccessor.java:104)
	at java.base/java.lang.reflect.Method.invoke(Method.java:565)
	at org.springframework.aop.support.AopUtils.invokeJoinpointUsingReflection(AopUtils.java:360)
	at org.springframework.aop.framework.ReflectiveMethodInvocation.invokeJoinpoint(ReflectiveMethodInvocation.java:196)
	at org.springframework.aop.framework.ReflectiveMethodInvocation.proceed(ReflectiveMethodInvocation.java:163)
	at org.springframework.aop.interceptor.ExposeInvocationInterceptor.invoke(ExposeInvocationInterceptor.java:97)
	at org.springframework.aop.framework.ReflectiveMethodInvocation.proceed(ReflectiveMethodInvocation.java:184)
	at org.springframework.aop.framework.CglibAopProxy$DynamicAdvisedInterceptor.intercept(CglibAopProxy.java:728)
	at com.capestone.login.Service.AuthService$$SpringCGLIB$$0.logout(<generated>)
	at com.capestone.login.Controller.AuthController.logout(AuthController.java:28)
	at java.base/jdk.internal.reflect.DirectMethodHandleAccessor.invoke(DirectMethodHandleAccessor.java:104)
	at java.base/java.lang.reflect.Method.invoke(Method.java:565)
	at org.springframework.web.method.support.InvocableHandlerMethod.doInvoke(InvocableHandlerMethod.java:258)
	at org.springframework.web.method.support.InvocableHandlerMethod.invokeForRequest(InvocableHandlerMethod.java:191)
	at org.springframework.web.servlet.mvc.method.annotation.ServletInvocableHandlerMethod.invokeAndHandle(ServletInvocableHandlerMethod.java:118)
	at org.springframework.web.servlet.mvc.method.annotation.RequestMappingHandlerAdapter.invokeHandlerMethod(RequestMappingHandlerAdapter.java:991)
	at org.springframework.web.servlet.mvc.method.annotation.RequestMappingHandlerAdapter.handleInternal(RequestMappingHandlerAdapter.java:896)
	at org.springframework.web.servlet.mvc.method.AbstractHandlerMethodAdapter.handle(AbstractHandlerMethodAdapter.java:87)
	at org.springframework.web.servlet.DispatcherServlet.doDispatch(DispatcherServlet.java:1089)
	at org.springframework.web.servlet.DispatcherServlet.doService(DispatcherServlet.java:979)
	at org.springframework.web.servlet.FrameworkServlet.processRequest(FrameworkServlet.java:1014)
	at org.springframework.web.servlet.FrameworkServlet.doPost(FrameworkServlet.java:914)
	at jakarta.servlet.http.HttpServlet.service(HttpServlet.java:590)
	at org.springframework.web.servlet.FrameworkServlet.service(FrameworkServlet.java:885)
	at jakarta.servlet.http.HttpServlet.service(HttpServlet.java:658)
	at org.apache.catalina.core.ApplicationFilterChain.internalDoFilter(ApplicationFilterChain.java:195)
	at org.apache.catalina.core.ApplicationFilterChain.doFilter(ApplicationFilterChain.java:140)
	at org.apache.tomcat.websocket.server.WsFilter.doFilter(WsFilter.java:51)
	at org.apache.catalina.core.ApplicationFilterChain.internalDoFilter(ApplicationFilterChain.java:164)
	at org.apache.catalina.core.ApplicationFilterChain.doFilter(ApplicationFilterChain.java:140)
	at org.springframework.web.filter.OncePerRequestFilter.doFilter(OncePerRequestFilter.java:110)
	at org.apache.catalina.core.ApplicationFilterChain.internalDoFilter(ApplicationFilterChain.java:164)
	at org.apache.catalina.core.ApplicationFilterChain.doFilter(ApplicationFilterChain.java:140)
	at org.springframework.web.filter.CompositeFilter$VirtualFilterChain.doFilter(CompositeFilter.java:108)
	at org.springframework.web.filter.CompositeFilter$VirtualFilterChain.doFilter(CompositeFilter.java:108)
	at org.springframework.security.web.FilterChainProxy.lambda$doFilterInternal$3(FilterChainProxy.java:231)
	at org.springframework.security.web.FilterChainProxy$VirtualFilterChain.doFilter(FilterChainProxy.java:365)
	at org.springframework.security.web.access.intercept.AuthorizationFilter.doFilter(AuthorizationFilter.java:101)
	at org.springframework.security.web.FilterChainProxy$VirtualFilterChain.doFilter(FilterChainProxy.java:374)
	at org.springframework.security.web.access.ExceptionTranslationFilter.doFilter(ExceptionTranslationFilter.java:125)
	at org.springframework.security.web.access.ExceptionTranslationFilter.doFilter(ExceptionTranslationFilter.java:119)
	at org.springframework.security.web.FilterChainProxy$VirtualFilterChain.doFilter(FilterChainProxy.java:374)
	at org.springframework.security.web.session.SessionManagementFilter.doFilter(SessionManagementFilter.java:131)
	at org.springframework.security.web.session.SessionManagementFilter.doFilter(SessionManagementFilter.java:85)
	at org.springframework.security.web.FilterChainProxy$VirtualFilterChain.doFilter(FilterChainProxy.java:374)
	at org.springframework.security.web.authentication.AnonymousAuthenticationFilter.doFilter(AnonymousAuthenticationFilter.java:100)
	at org.springframework.security.web.FilterChainProxy$VirtualFilterChain.doFilter(FilterChainProxy.java:374)
	at org.springframework.security.web.servletapi.SecurityContextHolderAwareRequestFilter.doFilter(SecurityContextHolderAwareRequestFilter.java:179)
	at org.springframework.security.web.FilterChainProxy$VirtualFilterChain.doFilter(FilterChainProxy.java:374)
	at org.springframework.security.web.savedrequest.RequestCacheAwareFilter.doFilter(RequestCacheAwareFilter.java:63)
	at org.springframework.security.web.FilterChainProxy$VirtualFilterChain.doFilter(FilterChainProxy.java:374)
	at com.capestone.login.Filter.JwtRequestFilter.doFilterInternal(JwtRequestFilter.java:63)
	at org.springframework.web.filter.OncePerRequestFilter.doFilter(OncePerRequestFilter.java:116)
	at org.springframework.security.web.FilterChainProxy$VirtualFilterChain.doFilter(FilterChainProxy.java:374)
	at org.springframework.security.web.authentication.logout.LogoutFilter.doFilter(LogoutFilter.java:107)
	at org.springframework.security.web.authentication.logout.LogoutFilter.doFilter(LogoutFilter.java:93)
	at org.springframework.security.web.FilterChainProxy$VirtualFilterChain.doFilter(FilterChainProxy.java:374)
	at org.springframework.security.web.header.HeaderWriterFilter.doHeadersAfter(HeaderWriterFilter.java:90)
	at org.springframework.security.web.header.HeaderWriterFilter.doFilterInternal(HeaderWriterFilter.java:75)
	at org.springframework.web.filter.OncePerRequestFilter.doFilter(OncePerRequestFilter.java:116)
	at org.springframework.security.web.FilterChainProxy$VirtualFilterChain.doFilter(FilterChainProxy.java:374)
	at org.springframework.security.web.context.SecurityContextHolderFilter.doFilter(SecurityContextHolderFilter.java:82)
	at org.springframework.security.web.context.SecurityContextHolderFilter.doFilter(SecurityContextHolderFilter.java:69)
	at org.springframework.security.web.FilterChainProxy$VirtualFilterChain.doFilter(FilterChainProxy.java:374)
	at org.springframework.security.web.context.request.async.WebAsyncManagerIntegrationFilter.doFilterInternal(WebAsyncManagerIntegrationFilter.java:62)
	at org.springframework.web.filter.OncePerRequestFilter.doFilter(OncePerRequestFilter.java:116)
	at org.springframework.security.web.FilterChainProxy$VirtualFilterChain.doFilter(FilterChainProxy.java:374)
	at org.springframework.security.web.session.DisableEncodeUrlFilter.doFilterInternal(DisableEncodeUrlFilter.java:42)
	at org.springframework.web.filter.OncePerRequestFilter.doFilter(OncePerRequestFilter.java:116)
	at org.springframework.security.web.FilterChainProxy$VirtualFilterChain.doFilter(FilterChainProxy.java:374)
	at org.springframework.security.web.FilterChainProxy.doFilterInternal(FilterChainProxy.java:233)
	at org.springframework.security.web.FilterChainProxy.doFilter(FilterChainProxy.java:191)
	at org.springframework.web.filter.CompositeFilter$VirtualFilterChain.doFilter(CompositeFilter.java:113)
	at org.springframework.web.filter.ServletRequestPathFilter.doFilter(ServletRequestPathFilter.java:52)
	at org.springframework.web.filter.CompositeFilter$VirtualFilterChain.doFilter(CompositeFilter.java:113)
	at org.springframework.web.filter.CompositeFilter.doFilter(CompositeFilter.java:74)
	at org.springframework.security.config.annotation.web.configuration.WebSecurityConfiguration$CompositeFilterChainProxy.doFilter(WebSecurityConfiguration.java:319)
	at org.springframework.web.filter.CompositeFilter$VirtualFilterChain.doFilter(CompositeFilter.java:113)
	at org.springframework.web.servlet.handler.HandlerMappingIntrospector.lambda$createCacheFilter$4(HandlerMappingIntrospector.java:267)
	at org.springframework.web.filter.CompositeFilter$VirtualFilterChain.doFilter(CompositeFilter.java:113)
	at org.springframework.web.filter.CompositeFilter.doFilter(CompositeFilter.java:74)
	at org.springframework.security.config.annotation.web.configuration.WebMvcSecurityConfiguration$CompositeFilterChainProxy.doFilter(WebMvcSecurityConfiguration.java:240)
	at org.springframework.web.filter.DelegatingFilterProxy.invokeDelegate(DelegatingFilterProxy.java:362)
	at org.springframework.web.filter.DelegatingFilterProxy.doFilter(DelegatingFilterProxy.java:278)
	at org.apache.catalina.core.ApplicationFilterChain.internalDoFilter(ApplicationFilterChain.java:164)
	at org.apache.catalina.core.ApplicationFilterChain.doFilter(ApplicationFilterChain.java:140)
	at org.springframework.web.filter.RequestContextFilter.doFilterInternal(RequestContextFilter.java:100)
	at org.springframework.web.filter.OncePerRequestFilter.doFilter(OncePerRequestFilter.java:116)
	at org.apache.catalina.core.ApplicationFilterChain.internalDoFilter(ApplicationFilterChain.java:164)
	at org.apache.catalina.core.ApplicationFilterChain.doFilter(ApplicationFilterChain.java:140)
	at org.springframework.web.filter.FormContentFilter.doFilterInternal(FormContentFilter.java:93)
	at org.springframework.web.filter.OncePerRequestFilter.doFilter(OncePerRequestFilter.java:116)
	at org.apache.catalina.core.ApplicationFilterChain.internalDoFilter(ApplicationFilterChain.java:164)
	at org.apache.catalina.core.ApplicationFilterChain.doFilter(ApplicationFilterChain.java:140)
	at org.springframework.web.filter.CharacterEncodingFilter.doFilterInternal(CharacterEncodingFilter.java:201)
	at org.springframework.web.filter.OncePerRequestFilter.doFilter(OncePerRequestFilter.java:116)
	at org.apache.catalina.core.ApplicationFilterChain.internalDoFilter(ApplicationFilterChain.java:164)
	at org.apache.catalina.core.ApplicationFilterChain.doFilter(ApplicationFilterChain.java:140)
	at org.apache.catalina.core.StandardWrapperValve.invoke(StandardWrapperValve.java:167)
	at org.apache.catalina.core.StandardContextValve.invoke(StandardContextValve.java:90)
	at org.apache.catalina.authenticator.AuthenticatorBase.invoke(AuthenticatorBase.java:483)
	at org.apache.catalina.core.StandardHostValve.invoke(StandardHostValve.java:116)
	at org.apache.catalina.valves.ErrorReportValve.invoke(ErrorReportValve.java:93)
	at org.apache.catalina.core.StandardEngineValve.invoke(StandardEngineValve.java:74)
	at org.apache.catalina.connector.CoyoteAdapter.service(CoyoteAdapter.java:344)
	at org.apache.coyote.http11.Http11Processor.service(Http11Processor.java:398)
	at org.apache.coyote.AbstractProcessorLight.process(AbstractProcessorLight.java:63)
	at org.apache.coyote.AbstractProtocol$ConnectionHandler.process(AbstractProtocol.java:903)
	at org.apache.tomcat.util.net.NioEndpoint$SocketProcessor.doRun(NioEndpoint.java:1769)
	at org.apache.tomcat.util.net.SocketProcessorBase.run(SocketProcessorBase.java:52)
	at org.apache.tomcat.util.threads.ThreadPoolExecutor.runWorker(ThreadPoolExecutor.java:1189)
	at org.apache.tomcat.util.threads.ThreadPoolExecutor$Worker.run(ThreadPoolExecutor.java:658)
	at org.apache.tomcat.util.threads.TaskThread$WrappingRunnable.run(TaskThread.java:63)
	at java.base/java.lang.Thread.run(Thread.java:1447)
2025-09-02 14:43:54 - c.c.login.Service.AuthService - Logging out token with jti: d2379028-8bce-4a7a-83ff-6b442cbcecfe
2025-09-02 14:46:00 - o.s.b.w.e.tomcat.GracefulShutdown - Commencing graceful shutdown. Waiting for active requests to complete
2025-09-02 14:46:00 - o.s.b.w.e.tomcat.GracefulShutdown - Graceful shutdown complete
2025-09-02 14:46:00 - o.s.o.j.LocalContainerEntityManagerFactoryBean - Closing JPA EntityManagerFactory for persistence unit 'default'
2025-09-02 14:46:00 - com.zaxxer.hikari.HikariDataSource - HikariPool-1 - Shutdown initiated...
2025-09-02 14:46:00 - com.zaxxer.hikari.HikariDataSource - HikariPool-1 - Shutdown completed.
2025-09-02 14:46:03 - c.capestone.login.LoginApplication - Starting LoginApplication using Java 24.0.2 with PID 13929 (/Users/YASH.B31/Documents/Capestone_Project/target/classes started by YASH.B31 in /Users/YASH.B31/Documents/Capestone_Project)
2025-09-02 14:46:03 - c.capestone.login.LoginApplication - Running with Spring Boot v3.5.5, Spring v6.2.10
2025-09-02 14:46:03 - c.capestone.login.LoginApplication - No active profile set, falling back to 1 default profile: "default"
2025-09-02 14:46:03 - o.s.d.r.c.RepositoryConfigurationDelegate - Bootstrapping Spring Data JPA repositories in DEFAULT mode.
2025-09-02 14:46:03 - o.s.d.r.c.RepositoryConfigurationDelegate - Finished Spring Data repository scanning in 19 ms. Found 1 JPA repository interface.
2025-09-02 14:46:04 - o.s.b.w.e.tomcat.TomcatWebServer - Tomcat initialized with port 8080 (http)
2025-09-02 14:46:04 - o.a.catalina.core.StandardService - Starting service [Tomcat]
2025-09-02 14:46:04 - o.a.catalina.core.StandardEngine - Starting Servlet engine: [Apache Tomcat/10.1.44]
2025-09-02 14:46:04 - o.a.c.c.C.[Tomcat].[localhost].[/] - Initializing Spring embedded WebApplicationContext
2025-09-02 14:46:04 - o.s.b.w.s.c.ServletWebServerApplicationContext - Root WebApplicationContext: initialization completed in 584 ms
2025-09-02 14:46:04 - o.h.jpa.internal.util.LogHelper - HHH000204: Processing PersistenceUnitInfo [name: default]
2025-09-02 14:46:04 - org.hibernate.Version - HHH000412: Hibernate ORM core version 6.6.26.Final
2025-09-02 14:46:04 - o.h.c.i.RegionFactoryInitiator - HHH000026: Second-level cache disabled
2025-09-02 14:46:04 - o.s.o.j.p.SpringPersistenceUnitInfo - No LoadTimeWeaver setup: ignoring JPA class transformer
2025-09-02 14:46:04 - com.zaxxer.hikari.HikariDataSource - HikariPool-1 - Starting...
2025-09-02 14:46:04 - com.zaxxer.hikari.pool.HikariPool - HikariPool-1 - Added connection org.postgresql.jdbc.PgConnection@7f70e244
2025-09-02 14:46:04 - com.zaxxer.hikari.HikariDataSource - HikariPool-1 - Start completed.
2025-09-02 14:46:04 - o.hibernate.orm.connections.pooling - HHH10001005: Database info:
	Database JDBC URL [Connecting through datasource 'HikariDataSource (HikariPool-1)']
	Database driver: undefined/unknown
	Database version: 17.6
	Autocommit mode: undefined/unknown
	Isolation level: undefined/unknown
	Minimum pool size: undefined/unknown
	Maximum pool size: undefined/unknown
2025-09-02 14:46:04 - o.h.e.t.j.p.i.JtaPlatformInitiator - HHH000489: No JTA platform available (set 'hibernate.transaction.jta.platform' to enable JTA platform integration)
2025-09-02 14:46:04 - o.s.o.j.LocalContainerEntityManagerFactoryBean - Initialized JPA EntityManagerFactory for persistence unit 'default'
2025-09-02 14:46:04 - c.c.login.Filter.JwtRequestFilter - Filter 'jwtRequestFilter' configured for use
2025-09-02 14:46:05 - o.s.b.a.o.j.JpaBaseConfiguration$JpaWebConfiguration - spring.jpa.open-in-view is enabled by default. Therefore, database queries may be performed during view rendering. Explicitly configure spring.jpa.open-in-view to disable this warning
2025-09-02 14:46:05 - o.s.s.c.a.a.c.InitializeUserDetailsBeanManagerConfigurer$InitializeUserDetailsManagerConfigurer - Global AuthenticationManager configured with UserDetailsService bean with name userService
2025-09-02 14:46:05 - o.s.b.w.e.tomcat.TomcatWebServer - Tomcat started on port 8080 (http) with context path '/'
2025-09-02 14:46:05 - c.capestone.login.LoginApplication - Started LoginApplication in 1.946 seconds (process running for 2.081)
2025-09-02 14:46:09 - o.a.c.c.C.[Tomcat].[localhost].[/] - Initializing Spring DispatcherServlet 'dispatcherServlet'
2025-09-02 14:46:09 - o.s.web.servlet.DispatcherServlet - Initializing Servlet 'dispatcherServlet'
2025-09-02 14:46:09 - o.s.web.servlet.DispatcherServlet - Completed initialization in 0 ms
2025-09-02 14:46:10 - c.c.login.Service.AuthService - Attempting login for user: yash
2025-09-02 14:46:10 - c.c.login.Service.AuthService - Login successful for user: yash
2025-09-02 14:46:38 - c.c.login.Service.AuthService - Logging out token with jti: 181cf717-ba0e-4f1e-a323-39bd5e2a0da4
2025-09-02 14:46:46 - o.s.w.s.m.s.DefaultHandlerExceptionResolver - Resolved [org.springframework.web.bind.MissingRequestHeaderException: Required request header 'Authorization' for method parameter type String is not present]
2025-09-02 14:46:52 - o.a.c.c.C.[.[.[.[dispatcherServlet] - Servlet.service() for servlet [dispatcherServlet] in context with path [] threw exception [Request processing failed: io.jsonwebtoken.ExpiredJwtException: JWT expired at 2025-09-02T09:16:40Z. Current time: 2025-09-02T09:16:52Z, a difference of 12866 milliseconds.  Allowed clock skew: 0 milliseconds.] with root cause
io.jsonwebtoken.ExpiredJwtException: JWT expired at 2025-09-02T09:16:40Z. Current time: 2025-09-02T09:16:52Z, a difference of 12866 milliseconds.  Allowed clock skew: 0 milliseconds.
	at io.jsonwebtoken.impl.DefaultJwtParser.parse(DefaultJwtParser.java:427)
	at io.jsonwebtoken.impl.DefaultJwtParser.parse(DefaultJwtParser.java:529)
	at io.jsonwebtoken.impl.DefaultJwtParser.parseClaimsJws(DefaultJwtParser.java:589)
	at io.jsonwebtoken.impl.ImmutableJwtParser.parseClaimsJws(ImmutableJwtParser.java:173)
	at com.capestone.login.Util.JwtUtil.extractAllClaims(JwtUtil.java:35)
	at com.capestone.login.Util.JwtUtil.extractClaim(JwtUtil.java:30)
	at com.capestone.login.Util.JwtUtil.extractJti(JwtUtil.java:60)
	at com.capestone.login.Service.AuthService.logout(AuthService.java:60)
	at java.base/jdk.internal.reflect.DirectMethodHandleAccessor.invoke(DirectMethodHandleAccessor.java:104)
	at java.base/java.lang.reflect.Method.invoke(Method.java:565)
	at org.springframework.aop.support.AopUtils.invokeJoinpointUsingReflection(AopUtils.java:360)
	at org.springframework.aop.framework.ReflectiveMethodInvocation.invokeJoinpoint(ReflectiveMethodInvocation.java:196)
	at org.springframework.aop.framework.ReflectiveMethodInvocation.proceed(ReflectiveMethodInvocation.java:163)
	at org.springframework.aop.interceptor.ExposeInvocationInterceptor.invoke(ExposeInvocationInterceptor.java:97)
	at org.springframework.aop.framework.ReflectiveMethodInvocation.proceed(ReflectiveMethodInvocation.java:184)
	at org.springframework.aop.framework.CglibAopProxy$DynamicAdvisedInterceptor.intercept(CglibAopProxy.java:728)
	at com.capestone.login.Service.AuthService$$SpringCGLIB$$0.logout(<generated>)
	at com.capestone.login.Controller.AuthController.logout(AuthController.java:28)
	at java.base/jdk.internal.reflect.DirectMethodHandleAccessor.invoke(DirectMethodHandleAccessor.java:104)
	at java.base/java.lang.reflect.Method.invoke(Method.java:565)
	at org.springframework.web.method.support.InvocableHandlerMethod.doInvoke(InvocableHandlerMethod.java:258)
	at org.springframework.web.method.support.InvocableHandlerMethod.invokeForRequest(InvocableHandlerMethod.java:191)
	at org.springframework.web.servlet.mvc.method.annotation.ServletInvocableHandlerMethod.invokeAndHandle(ServletInvocableHandlerMethod.java:118)
	at org.springframework.web.servlet.mvc.method.annotation.RequestMappingHandlerAdapter.invokeHandlerMethod(RequestMappingHandlerAdapter.java:991)
	at org.springframework.web.servlet.mvc.method.annotation.RequestMappingHandlerAdapter.handleInternal(RequestMappingHandlerAdapter.java:896)
	at org.springframework.web.servlet.mvc.method.AbstractHandlerMethodAdapter.handle(AbstractHandlerMethodAdapter.java:87)
	at org.springframework.web.servlet.DispatcherServlet.doDispatch(DispatcherServlet.java:1089)
	at org.springframework.web.servlet.DispatcherServlet.doService(DispatcherServlet.java:979)
	at org.springframework.web.servlet.FrameworkServlet.processRequest(FrameworkServlet.java:1014)
	at org.springframework.web.servlet.FrameworkServlet.doPost(FrameworkServlet.java:914)
	at jakarta.servlet.http.HttpServlet.service(HttpServlet.java:590)
	at org.springframework.web.servlet.FrameworkServlet.service(FrameworkServlet.java:885)
	at jakarta.servlet.http.HttpServlet.service(HttpServlet.java:658)
	at org.apache.catalina.core.ApplicationFilterChain.internalDoFilter(ApplicationFilterChain.java:195)
	at org.apache.catalina.core.ApplicationFilterChain.doFilter(ApplicationFilterChain.java:140)
	at org.apache.tomcat.websocket.server.WsFilter.doFilter(WsFilter.java:51)
	at org.apache.catalina.core.ApplicationFilterChain.internalDoFilter(ApplicationFilterChain.java:164)
	at org.apache.catalina.core.ApplicationFilterChain.doFilter(ApplicationFilterChain.java:140)
	at org.springframework.web.filter.OncePerRequestFilter.doFilter(OncePerRequestFilter.java:110)
	at org.apache.catalina.core.ApplicationFilterChain.internalDoFilter(ApplicationFilterChain.java:164)
	at org.apache.catalina.core.ApplicationFilterChain.doFilter(ApplicationFilterChain.java:140)
	at org.springframework.web.filter.CompositeFilter$VirtualFilterChain.doFilter(CompositeFilter.java:108)
	at org.springframework.web.filter.CompositeFilter$VirtualFilterChain.doFilter(CompositeFilter.java:108)
	at org.springframework.security.web.FilterChainProxy.lambda$doFilterInternal$3(FilterChainProxy.java:231)
	at org.springframework.security.web.FilterChainProxy$VirtualFilterChain.doFilter(FilterChainProxy.java:365)
	at org.springframework.security.web.access.intercept.AuthorizationFilter.doFilter(AuthorizationFilter.java:101)
	at org.springframework.security.web.FilterChainProxy$VirtualFilterChain.doFilter(FilterChainProxy.java:374)
	at org.springframework.security.web.access.ExceptionTranslationFilter.doFilter(ExceptionTranslationFilter.java:125)
	at org.springframework.security.web.access.ExceptionTranslationFilter.doFilter(ExceptionTranslationFilter.java:119)
	at org.springframework.security.web.FilterChainProxy$VirtualFilterChain.doFilter(FilterChainProxy.java:374)
	at org.springframework.security.web.session.SessionManagementFilter.doFilter(SessionManagementFilter.java:131)
	at org.springframework.security.web.session.SessionManagementFilter.doFilter(SessionManagementFilter.java:85)
	at org.springframework.security.web.FilterChainProxy$VirtualFilterChain.doFilter(FilterChainProxy.java:374)
	at org.springframework.security.web.authentication.AnonymousAuthenticationFilter.doFilter(AnonymousAuthenticationFilter.java:100)
	at org.springframework.security.web.FilterChainProxy$VirtualFilterChain.doFilter(FilterChainProxy.java:374)
	at org.springframework.security.web.servletapi.SecurityContextHolderAwareRequestFilter.doFilter(SecurityContextHolderAwareRequestFilter.java:179)
	at org.springframework.security.web.FilterChainProxy$VirtualFilterChain.doFilter(FilterChainProxy.java:374)
	at org.springframework.security.web.savedrequest.RequestCacheAwareFilter.doFilter(RequestCacheAwareFilter.java:63)
	at org.springframework.security.web.FilterChainProxy$VirtualFilterChain.doFilter(FilterChainProxy.java:374)
	at com.capestone.login.Filter.JwtRequestFilter.doFilterInternal(JwtRequestFilter.java:63)
	at org.springframework.web.filter.OncePerRequestFilter.doFilter(OncePerRequestFilter.java:116)
	at org.springframework.security.web.FilterChainProxy$VirtualFilterChain.doFilter(FilterChainProxy.java:374)
	at org.springframework.security.web.authentication.logout.LogoutFilter.doFilter(LogoutFilter.java:107)
	at org.springframework.security.web.authentication.logout.LogoutFilter.doFilter(LogoutFilter.java:93)
	at org.springframework.security.web.FilterChainProxy$VirtualFilterChain.doFilter(FilterChainProxy.java:374)
	at org.springframework.security.web.header.HeaderWriterFilter.doHeadersAfter(HeaderWriterFilter.java:90)
	at org.springframework.security.web.header.HeaderWriterFilter.doFilterInternal(HeaderWriterFilter.java:75)
	at org.springframework.web.filter.OncePerRequestFilter.doFilter(OncePerRequestFilter.java:116)
	at org.springframework.security.web.FilterChainProxy$VirtualFilterChain.doFilter(FilterChainProxy.java:374)
	at org.springframework.security.web.context.SecurityContextHolderFilter.doFilter(SecurityContextHolderFilter.java:82)
	at org.springframework.security.web.context.SecurityContextHolderFilter.doFilter(SecurityContextHolderFilter.java:69)
	at org.springframework.security.web.FilterChainProxy$VirtualFilterChain.doFilter(FilterChainProxy.java:374)
	at org.springframework.security.web.context.request.async.WebAsyncManagerIntegrationFilter.doFilterInternal(WebAsyncManagerIntegrationFilter.java:62)
	at org.springframework.web.filter.OncePerRequestFilter.doFilter(OncePerRequestFilter.java:116)
	at org.springframework.security.web.FilterChainProxy$VirtualFilterChain.doFilter(FilterChainProxy.java:374)
	at org.springframework.security.web.session.DisableEncodeUrlFilter.doFilterInternal(DisableEncodeUrlFilter.java:42)
	at org.springframework.web.filter.OncePerRequestFilter.doFilter(OncePerRequestFilter.java:116)
	at org.springframework.security.web.FilterChainProxy$VirtualFilterChain.doFilter(FilterChainProxy.java:374)
	at org.springframework.security.web.FilterChainProxy.doFilterInternal(FilterChainProxy.java:233)
	at org.springframework.security.web.FilterChainProxy.doFilter(FilterChainProxy.java:191)
	at org.springframework.web.filter.CompositeFilter$VirtualFilterChain.doFilter(CompositeFilter.java:113)
	at org.springframework.web.filter.ServletRequestPathFilter.doFilter(ServletRequestPathFilter.java:52)
	at org.springframework.web.filter.CompositeFilter$VirtualFilterChain.doFilter(CompositeFilter.java:113)
	at org.springframework.web.filter.CompositeFilter.doFilter(CompositeFilter.java:74)
	at org.springframework.security.config.annotation.web.configuration.WebSecurityConfiguration$CompositeFilterChainProxy.doFilter(WebSecurityConfiguration.java:319)
	at org.springframework.web.filter.CompositeFilter$VirtualFilterChain.doFilter(CompositeFilter.java:113)
	at org.springframework.web.servlet.handler.HandlerMappingIntrospector.lambda$createCacheFilter$4(HandlerMappingIntrospector.java:267)
	at org.springframework.web.filter.CompositeFilter$VirtualFilterChain.doFilter(CompositeFilter.java:113)
	at org.springframework.web.filter.CompositeFilter.doFilter(CompositeFilter.java:74)
	at org.springframework.security.config.annotation.web.configuration.WebMvcSecurityConfiguration$CompositeFilterChainProxy.doFilter(WebMvcSecurityConfiguration.java:240)
	at org.springframework.web.filter.DelegatingFilterProxy.invokeDelegate(DelegatingFilterProxy.java:362)
	at org.springframework.web.filter.DelegatingFilterProxy.doFilter(DelegatingFilterProxy.java:278)
	at org.apache.catalina.core.ApplicationFilterChain.internalDoFilter(ApplicationFilterChain.java:164)
	at org.apache.catalina.core.ApplicationFilterChain.doFilter(ApplicationFilterChain.java:140)
	at org.springframework.web.filter.RequestContextFilter.doFilterInternal(RequestContextFilter.java:100)
	at org.springframework.web.filter.OncePerRequestFilter.doFilter(OncePerRequestFilter.java:116)
	at org.apache.catalina.core.ApplicationFilterChain.internalDoFilter(ApplicationFilterChain.java:164)
	at org.apache.catalina.core.ApplicationFilterChain.doFilter(ApplicationFilterChain.java:140)
	at org.springframework.web.filter.FormContentFilter.doFilterInternal(FormContentFilter.java:93)
	at org.springframework.web.filter.OncePerRequestFilter.doFilter(OncePerRequestFilter.java:116)
	at org.apache.catalina.core.ApplicationFilterChain.internalDoFilter(ApplicationFilterChain.java:164)
	at org.apache.catalina.core.ApplicationFilterChain.doFilter(ApplicationFilterChain.java:140)
	at org.springframework.web.filter.CharacterEncodingFilter.doFilterInternal(CharacterEncodingFilter.java:201)
	at org.springframework.web.filter.OncePerRequestFilter.doFilter(OncePerRequestFilter.java:116)
	at org.apache.catalina.core.ApplicationFilterChain.internalDoFilter(ApplicationFilterChain.java:164)
	at org.apache.catalina.core.ApplicationFilterChain.doFilter(ApplicationFilterChain.java:140)
	at org.apache.catalina.core.StandardWrapperValve.invoke(StandardWrapperValve.java:167)
	at org.apache.catalina.core.StandardContextValve.invoke(StandardContextValve.java:90)
	at org.apache.catalina.authenticator.AuthenticatorBase.invoke(AuthenticatorBase.java:483)
	at org.apache.catalina.core.StandardHostValve.invoke(StandardHostValve.java:116)
	at org.apache.catalina.valves.ErrorReportValve.invoke(ErrorReportValve.java:93)
	at org.apache.catalina.core.StandardEngineValve.invoke(StandardEngineValve.java:74)
	at org.apache.catalina.connector.CoyoteAdapter.service(CoyoteAdapter.java:344)
	at org.apache.coyote.http11.Http11Processor.service(Http11Processor.java:398)
	at org.apache.coyote.AbstractProcessorLight.process(AbstractProcessorLight.java:63)
	at org.apache.coyote.AbstractProtocol$ConnectionHandler.process(AbstractProtocol.java:903)
	at org.apache.tomcat.util.net.NioEndpoint$SocketProcessor.doRun(NioEndpoint.java:1769)
	at org.apache.tomcat.util.net.SocketProcessorBase.run(SocketProcessorBase.java:52)
	at org.apache.tomcat.util.threads.ThreadPoolExecutor.runWorker(ThreadPoolExecutor.java:1189)
	at org.apache.tomcat.util.threads.ThreadPoolExecutor$Worker.run(ThreadPoolExecutor.java:658)
	at org.apache.tomcat.util.threads.TaskThread$WrappingRunnable.run(TaskThread.java:63)
	at java.base/java.lang.Thread.run(Thread.java:1447)
2025-09-02 14:46:53 - o.a.c.c.C.[.[.[.[dispatcherServlet] - Servlet.service() for servlet [dispatcherServlet] in context with path [] threw exception [Request processing failed: io.jsonwebtoken.ExpiredJwtException: JWT expired at 2025-09-02T09:16:40Z. Current time: 2025-09-02T09:16:53Z, a difference of 13484 milliseconds.  Allowed clock skew: 0 milliseconds.] with root cause
io.jsonwebtoken.ExpiredJwtException: JWT expired at 2025-09-02T09:16:40Z. Current time: 2025-09-02T09:16:53Z, a difference of 13484 milliseconds.  Allowed clock skew: 0 milliseconds.
	at io.jsonwebtoken.impl.DefaultJwtParser.parse(DefaultJwtParser.java:427)
	at io.jsonwebtoken.impl.DefaultJwtParser.parse(DefaultJwtParser.java:529)
	at io.jsonwebtoken.impl.DefaultJwtParser.parseClaimsJws(DefaultJwtParser.java:589)
	at io.jsonwebtoken.impl.ImmutableJwtParser.parseClaimsJws(ImmutableJwtParser.java:173)
	at com.capestone.login.Util.JwtUtil.extractAllClaims(JwtUtil.java:35)
	at com.capestone.login.Util.JwtUtil.extractClaim(JwtUtil.java:30)
	at com.capestone.login.Util.JwtUtil.extractJti(JwtUtil.java:60)
	at com.capestone.login.Service.AuthService.logout(AuthService.java:60)
	at java.base/jdk.internal.reflect.DirectMethodHandleAccessor.invoke(DirectMethodHandleAccessor.java:104)
	at java.base/java.lang.reflect.Method.invoke(Method.java:565)
	at org.springframework.aop.support.AopUtils.invokeJoinpointUsingReflection(AopUtils.java:360)
	at org.springframework.aop.framework.ReflectiveMethodInvocation.invokeJoinpoint(ReflectiveMethodInvocation.java:196)
	at org.springframework.aop.framework.ReflectiveMethodInvocation.proceed(ReflectiveMethodInvocation.java:163)
	at org.springframework.aop.interceptor.ExposeInvocationInterceptor.invoke(ExposeInvocationInterceptor.java:97)
	at org.springframework.aop.framework.ReflectiveMethodInvocation.proceed(ReflectiveMethodInvocation.java:184)
	at org.springframework.aop.framework.CglibAopProxy$DynamicAdvisedInterceptor.intercept(CglibAopProxy.java:728)
	at com.capestone.login.Service.AuthService$$SpringCGLIB$$0.logout(<generated>)
	at com.capestone.login.Controller.AuthController.logout(AuthController.java:28)
	at java.base/jdk.internal.reflect.DirectMethodHandleAccessor.invoke(DirectMethodHandleAccessor.java:104)
	at java.base/java.lang.reflect.Method.invoke(Method.java:565)
	at org.springframework.web.method.support.InvocableHandlerMethod.doInvoke(InvocableHandlerMethod.java:258)
	at org.springframework.web.method.support.InvocableHandlerMethod.invokeForRequest(InvocableHandlerMethod.java:191)
	at org.springframework.web.servlet.mvc.method.annotation.ServletInvocableHandlerMethod.invokeAndHandle(ServletInvocableHandlerMethod.java:118)
	at org.springframework.web.servlet.mvc.method.annotation.RequestMappingHandlerAdapter.invokeHandlerMethod(RequestMappingHandlerAdapter.java:991)
	at org.springframework.web.servlet.mvc.method.annotation.RequestMappingHandlerAdapter.handleInternal(RequestMappingHandlerAdapter.java:896)
	at org.springframework.web.servlet.mvc.method.AbstractHandlerMethodAdapter.handle(AbstractHandlerMethodAdapter.java:87)
	at org.springframework.web.servlet.DispatcherServlet.doDispatch(DispatcherServlet.java:1089)
	at org.springframework.web.servlet.DispatcherServlet.doService(DispatcherServlet.java:979)
	at org.springframework.web.servlet.FrameworkServlet.processRequest(FrameworkServlet.java:1014)
	at org.springframework.web.servlet.FrameworkServlet.doPost(FrameworkServlet.java:914)
	at jakarta.servlet.http.HttpServlet.service(HttpServlet.java:590)
	at org.springframework.web.servlet.FrameworkServlet.service(FrameworkServlet.java:885)
	at jakarta.servlet.http.HttpServlet.service(HttpServlet.java:658)
	at org.apache.catalina.core.ApplicationFilterChain.internalDoFilter(ApplicationFilterChain.java:195)
	at org.apache.catalina.core.ApplicationFilterChain.doFilter(ApplicationFilterChain.java:140)
	at org.apache.tomcat.websocket.server.WsFilter.doFilter(WsFilter.java:51)
	at org.apache.catalina.core.ApplicationFilterChain.internalDoFilter(ApplicationFilterChain.java:164)
	at org.apache.catalina.core.ApplicationFilterChain.doFilter(ApplicationFilterChain.java:140)
	at org.springframework.web.filter.OncePerRequestFilter.doFilter(OncePerRequestFilter.java:110)
	at org.apache.catalina.core.ApplicationFilterChain.internalDoFilter(ApplicationFilterChain.java:164)
	at org.apache.catalina.core.ApplicationFilterChain.doFilter(ApplicationFilterChain.java:140)
	at org.springframework.web.filter.CompositeFilter$VirtualFilterChain.doFilter(CompositeFilter.java:108)
	at org.springframework.web.filter.CompositeFilter$VirtualFilterChain.doFilter(CompositeFilter.java:108)
	at org.springframework.security.web.FilterChainProxy.lambda$doFilterInternal$3(FilterChainProxy.java:231)
	at org.springframework.security.web.FilterChainProxy$VirtualFilterChain.doFilter(FilterChainProxy.java:365)
	at org.springframework.security.web.access.intercept.AuthorizationFilter.doFilter(AuthorizationFilter.java:101)
	at org.springframework.security.web.FilterChainProxy$VirtualFilterChain.doFilter(FilterChainProxy.java:374)
	at org.springframework.security.web.access.ExceptionTranslationFilter.doFilter(ExceptionTranslationFilter.java:125)
	at org.springframework.security.web.access.ExceptionTranslationFilter.doFilter(ExceptionTranslationFilter.java:119)
	at org.springframework.security.web.FilterChainProxy$VirtualFilterChain.doFilter(FilterChainProxy.java:374)
	at org.springframework.security.web.session.SessionManagementFilter.doFilter(SessionManagementFilter.java:131)
	at org.springframework.security.web.session.SessionManagementFilter.doFilter(SessionManagementFilter.java:85)
	at org.springframework.security.web.FilterChainProxy$VirtualFilterChain.doFilter(FilterChainProxy.java:374)
	at org.springframework.security.web.authentication.AnonymousAuthenticationFilter.doFilter(AnonymousAuthenticationFilter.java:100)
	at org.springframework.security.web.FilterChainProxy$VirtualFilterChain.doFilter(FilterChainProxy.java:374)
	at org.springframework.security.web.servletapi.SecurityContextHolderAwareRequestFilter.doFilter(SecurityContextHolderAwareRequestFilter.java:179)
	at org.springframework.security.web.FilterChainProxy$VirtualFilterChain.doFilter(FilterChainProxy.java:374)
	at org.springframework.security.web.savedrequest.RequestCacheAwareFilter.doFilter(RequestCacheAwareFilter.java:63)
	at org.springframework.security.web.FilterChainProxy$VirtualFilterChain.doFilter(FilterChainProxy.java:374)
	at com.capestone.login.Filter.JwtRequestFilter.doFilterInternal(JwtRequestFilter.java:63)
	at org.springframework.web.filter.OncePerRequestFilter.doFilter(OncePerRequestFilter.java:116)
	at org.springframework.security.web.FilterChainProxy$VirtualFilterChain.doFilter(FilterChainProxy.java:374)
	at org.springframework.security.web.authentication.logout.LogoutFilter.doFilter(LogoutFilter.java:107)
	at org.springframework.security.web.authentication.logout.LogoutFilter.doFilter(LogoutFilter.java:93)
	at org.springframework.security.web.FilterChainProxy$VirtualFilterChain.doFilter(FilterChainProxy.java:374)
	at org.springframework.security.web.header.HeaderWriterFilter.doHeadersAfter(HeaderWriterFilter.java:90)
	at org.springframework.security.web.header.HeaderWriterFilter.doFilterInternal(HeaderWriterFilter.java:75)
	at org.springframework.web.filter.OncePerRequestFilter.doFilter(OncePerRequestFilter.java:116)
	at org.springframework.security.web.FilterChainProxy$VirtualFilterChain.doFilter(FilterChainProxy.java:374)
	at org.springframework.security.web.context.SecurityContextHolderFilter.doFilter(SecurityContextHolderFilter.java:82)
	at org.springframework.security.web.context.SecurityContextHolderFilter.doFilter(SecurityContextHolderFilter.java:69)
	at org.springframework.security.web.FilterChainProxy$VirtualFilterChain.doFilter(FilterChainProxy.java:374)
	at org.springframework.security.web.context.request.async.WebAsyncManagerIntegrationFilter.doFilterInternal(WebAsyncManagerIntegrationFilter.java:62)
	at org.springframework.web.filter.OncePerRequestFilter.doFilter(OncePerRequestFilter.java:116)
	at org.springframework.security.web.FilterChainProxy$VirtualFilterChain.doFilter(FilterChainProxy.java:374)
	at org.springframework.security.web.session.DisableEncodeUrlFilter.doFilterInternal(DisableEncodeUrlFilter.java:42)
	at org.springframework.web.filter.OncePerRequestFilter.doFilter(OncePerRequestFilter.java:116)
	at org.springframework.security.web.FilterChainProxy$VirtualFilterChain.doFilter(FilterChainProxy.java:374)
	at org.springframework.security.web.FilterChainProxy.doFilterInternal(FilterChainProxy.java:233)
	at org.springframework.security.web.FilterChainProxy.doFilter(FilterChainProxy.java:191)
	at org.springframework.web.filter.CompositeFilter$VirtualFilterChain.doFilter(CompositeFilter.java:113)
	at org.springframework.web.filter.ServletRequestPathFilter.doFilter(ServletRequestPathFilter.java:52)
	at org.springframework.web.filter.CompositeFilter$VirtualFilterChain.doFilter(CompositeFilter.java:113)
	at org.springframework.web.filter.CompositeFilter.doFilter(CompositeFilter.java:74)
	at org.springframework.security.config.annotation.web.configuration.WebSecurityConfiguration$CompositeFilterChainProxy.doFilter(WebSecurityConfiguration.java:319)
	at org.springframework.web.filter.CompositeFilter$VirtualFilterChain.doFilter(CompositeFilter.java:113)
	at org.springframework.web.servlet.handler.HandlerMappingIntrospector.lambda$createCacheFilter$4(HandlerMappingIntrospector.java:267)
	at org.springframework.web.filter.CompositeFilter$VirtualFilterChain.doFilter(CompositeFilter.java:113)
	at org.springframework.web.filter.CompositeFilter.doFilter(CompositeFilter.java:74)
	at org.springframework.security.config.annotation.web.configuration.WebMvcSecurityConfiguration$CompositeFilterChainProxy.doFilter(WebMvcSecurityConfiguration.java:240)
	at org.springframework.web.filter.DelegatingFilterProxy.invokeDelegate(DelegatingFilterProxy.java:362)
	at org.springframework.web.filter.DelegatingFilterProxy.doFilter(DelegatingFilterProxy.java:278)
	at org.apache.catalina.core.ApplicationFilterChain.internalDoFilter(ApplicationFilterChain.java:164)
	at org.apache.catalina.core.ApplicationFilterChain.doFilter(ApplicationFilterChain.java:140)
	at org.springframework.web.filter.RequestContextFilter.doFilterInternal(RequestContextFilter.java:100)
	at org.springframework.web.filter.OncePerRequestFilter.doFilter(OncePerRequestFilter.java:116)
	at org.apache.catalina.core.ApplicationFilterChain.internalDoFilter(ApplicationFilterChain.java:164)
	at org.apache.catalina.core.ApplicationFilterChain.doFilter(ApplicationFilterChain.java:140)
	at org.springframework.web.filter.FormContentFilter.doFilterInternal(FormContentFilter.java:93)
	at org.springframework.web.filter.OncePerRequestFilter.doFilter(OncePerRequestFilter.java:116)
	at org.apache.catalina.core.ApplicationFilterChain.internalDoFilter(ApplicationFilterChain.java:164)
	at org.apache.catalina.core.ApplicationFilterChain.doFilter(ApplicationFilterChain.java:140)
	at org.springframework.web.filter.CharacterEncodingFilter.doFilterInternal(CharacterEncodingFilter.java:201)
	at org.springframework.web.filter.OncePerRequestFilter.doFilter(OncePerRequestFilter.java:116)
	at org.apache.catalina.core.ApplicationFilterChain.internalDoFilter(ApplicationFilterChain.java:164)
	at org.apache.catalina.core.ApplicationFilterChain.doFilter(ApplicationFilterChain.java:140)
	at org.apache.catalina.core.StandardWrapperValve.invoke(StandardWrapperValve.java:167)
	at org.apache.catalina.core.StandardContextValve.invoke(StandardContextValve.java:90)
	at org.apache.catalina.authenticator.AuthenticatorBase.invoke(AuthenticatorBase.java:483)
	at org.apache.catalina.core.StandardHostValve.invoke(StandardHostValve.java:116)
	at org.apache.catalina.valves.ErrorReportValve.invoke(ErrorReportValve.java:93)
	at org.apache.catalina.core.StandardEngineValve.invoke(StandardEngineValve.java:74)
	at org.apache.catalina.connector.CoyoteAdapter.service(CoyoteAdapter.java:344)
	at org.apache.coyote.http11.Http11Processor.service(Http11Processor.java:398)
	at org.apache.coyote.AbstractProcessorLight.process(AbstractProcessorLight.java:63)
	at org.apache.coyote.AbstractProtocol$ConnectionHandler.process(AbstractProtocol.java:903)
	at org.apache.tomcat.util.net.NioEndpoint$SocketProcessor.doRun(NioEndpoint.java:1769)
	at org.apache.tomcat.util.net.SocketProcessorBase.run(SocketProcessorBase.java:52)
	at org.apache.tomcat.util.threads.ThreadPoolExecutor.runWorker(ThreadPoolExecutor.java:1189)
	at org.apache.tomcat.util.threads.ThreadPoolExecutor$Worker.run(ThreadPoolExecutor.java:658)
	at org.apache.tomcat.util.threads.TaskThread$WrappingRunnable.run(TaskThread.java:63)
	at java.base/java.lang.Thread.run(Thread.java:1447)
2025-09-02 14:46:55 - c.c.login.Service.AuthService - Attempting login for user: yash
2025-09-02 14:46:55 - c.c.login.Service.AuthService - Login successful for user: yash
2025-09-02 14:47:02 - c.c.login.Service.AuthService - Logging out token with jti: 4893a0fa-4149-4e97-955d-181ec8c01ca8
2025-09-02 14:47:04 - o.s.w.s.m.s.DefaultHandlerExceptionResolver - Resolved [org.springframework.web.bind.MissingRequestHeaderException: Required request header 'Authorization' for method parameter type String is not present]
2025-09-02 14:49:23 - c.c.login.Service.AuthService - Attempting login for user: yash
2025-09-02 14:49:23 - c.c.login.Service.AuthService - Login successful for user: yash
2025-09-02 14:49:24 - c.c.login.Service.AuthService - Attempting login for user: yash
2025-09-02 14:49:24 - c.c.login.Service.AuthService - Login successful for user: yash
2025-09-02 14:49:25 - c.c.login.Service.AuthService - Attempting login for user: yash
2025-09-02 14:49:25 - c.c.login.Service.AuthService - Login successful for user: yash
2025-09-02 14:49:26 - c.c.login.Service.AuthService - Attempting login for user: yash
2025-09-02 14:49:26 - c.c.login.Service.AuthService - Login successful for user: yash
2025-09-02 14:49:27 - c.c.login.Service.AuthService - Attempting login for user: yash
2025-09-02 14:49:27 - c.c.login.Service.AuthService - Login successful for user: yash
2025-09-02 14:49:28 - c.c.login.Service.AuthService - Attempting login for user: yash
2025-09-02 14:49:28 - c.c.login.Service.AuthService - Login successful for user: yash
2025-09-02 14:49:28 - c.c.login.Service.AuthService - Attempting login for user: yash
2025-09-02 14:49:28 - c.c.login.Service.AuthService - Login successful for user: yash
2025-09-02 14:49:29 - c.c.login.Service.AuthService - Attempting login for user: yash
2025-09-02 14:49:29 - c.c.login.Service.AuthService - Login successful for user: yash
2025-09-02 14:49:29 - c.c.login.Service.AuthService - Attempting login for user: yash
2025-09-02 14:49:29 - c.c.login.Service.AuthService - Login successful for user: yash
2025-09-02 14:49:30 - c.c.login.Service.AuthService - Attempting login for user: yash
2025-09-02 14:49:30 - c.c.login.Service.AuthService - Login successful for user: yash
2025-09-02 14:49:30 - c.c.login.Service.AuthService - Attempting login for user: yash
2025-09-02 14:49:30 - c.c.login.Service.AuthService - Login successful for user: yash
2025-09-02 14:49:30 - c.c.login.Service.AuthService - Attempting login for user: yash
2025-09-02 14:49:30 - c.c.login.Service.AuthService - Login successful for user: yash
2025-09-02 14:49:30 - c.c.login.Service.AuthService - Attempting login for user: yash
2025-09-02 14:49:30 - c.c.login.Service.AuthService - Login successful for user: yash
2025-09-02 14:49:31 - c.c.login.Service.AuthService - Attempting login for user: yash
2025-09-02 14:49:31 - c.c.login.Service.AuthService - Login successful for user: yash
2025-09-02 14:49:31 - c.c.login.Service.AuthService - Attempting login for user: yash
2025-09-02 14:49:31 - c.c.login.Service.AuthService - Login successful for user: yash
2025-09-02 14:49:31 - c.c.login.Service.AuthService - Attempting login for user: yash
2025-09-02 14:49:31 - c.c.login.Service.AuthService - Login successful for user: yash
2025-09-02 14:49:31 - c.c.login.Service.AuthService - Attempting login for user: yash
2025-09-02 14:49:31 - c.c.login.Service.AuthService - Login successful for user: yash
2025-09-02 14:49:42 - c.c.login.Service.AuthService - Attempting login for user: yas
2025-09-02 14:49:42 - c.c.login.Service.AuthService - Login failed for user: yas. Fallback triggered due to: Bad credentials
2025-09-02 14:49:45 - c.c.login.Service.AuthService - Attempting login for user: yas
2025-09-02 14:49:45 - c.c.login.Service.AuthService - Login failed for user: yas. Fallback triggered due to: Bad credentials
2025-09-02 14:49:46 - c.c.login.Service.AuthService - Attempting login for user: yas
2025-09-02 14:49:46 - c.c.login.Service.AuthService - Login failed for user: yas. Fallback triggered due to: Bad credentials
2025-09-02 14:49:46 - c.c.login.Service.AuthService - Attempting login for user: yas
2025-09-02 14:49:46 - c.c.login.Service.AuthService - Login failed for user: yas. Fallback triggered due to: Bad credentials
2025-09-02 14:49:47 - c.c.login.Service.AuthService - Attempting login for user: yas
2025-09-02 14:49:47 - c.c.login.Service.AuthService - Login failed for user: yas. Fallback triggered due to: Bad credentials
2025-09-02 14:49:47 - c.c.login.Service.AuthService - Circuit breaker is OPEN. Login temporarily disabled for user: yas
2025-09-02 14:49:51 - c.c.login.Service.AuthService - Circuit breaker is OPEN. Login temporarily disabled for user: yas
2025-09-02 14:49:51 - c.c.login.Service.AuthService - Circuit breaker is OPEN. Login temporarily disabled for user: yas
2025-09-02 14:51:01 - c.c.login.Service.AuthService - Attempting login for user: yas
2025-09-02 14:51:01 - c.c.login.Service.AuthService - Login failed for user: yas. Fallback triggered due to: Bad credentials
2025-09-02 14:51:06 - c.c.login.Service.AuthService - Attempting login for user: yash
2025-09-02 14:51:06 - c.c.login.Service.AuthService - Login successful for user: yash
2025-09-02 14:51:07 - c.c.login.Service.AuthService - Circuit breaker is OPEN. Login temporarily disabled for user: yash
2025-09-02 14:51:08 - c.c.login.Service.AuthService - Circuit breaker is OPEN. Login temporarily disabled for user: yash
2025-09-02 14:51:08 - c.c.login.Service.AuthService - Circuit breaker is OPEN. Login temporarily disabled for user: yash
2025-09-02 14:51:08 - c.c.login.Service.AuthService - Circuit breaker is OPEN. Login temporarily disabled for user: yash
2025-09-02 14:51:09 - c.c.login.Service.AuthService - Circuit breaker is OPEN. Login temporarily disabled for user: yash
2025-09-02 14:51:09 - c.c.login.Service.AuthService - Circuit breaker is OPEN. Login temporarily disabled for user: yash
2025-09-02 14:51:12 - c.c.login.Service.AuthService - Circuit breaker is OPEN. Login temporarily disabled for user: yash
2025-09-02 14:51:13 - c.c.login.Service.AuthService - Circuit breaker is OPEN. Login temporarily disabled for user: yash
2025-09-02 14:51:13 - c.c.login.Service.AuthService - Circuit breaker is OPEN. Login temporarily disabled for user: yash
2025-09-02 14:51:14 - c.c.login.Service.AuthService - Circuit breaker is OPEN. Login temporarily disabled for user: yash
2025-09-02 14:51:14 - c.c.login.Service.AuthService - Circuit breaker is OPEN. Login temporarily disabled for user: yash
2025-09-02 14:51:15 - c.c.login.Service.AuthService - Circuit breaker is OPEN. Login temporarily disabled for user: yash
2025-09-02 14:51:15 - c.c.login.Service.AuthService - Circuit breaker is OPEN. Login temporarily disabled for user: yash
2025-09-02 14:51:15 - c.c.login.Service.AuthService - Circuit breaker is OPEN. Login temporarily disabled for user: yash
2025-09-02 14:51:15 - c.c.login.Service.AuthService - Circuit breaker is OPEN. Login temporarily disabled for user: yash
2025-09-02 14:51:20 - c.c.login.Service.AuthService - Circuit breaker is OPEN. Login temporarily disabled for user: yash
2025-09-02 14:51:21 - c.c.login.Service.AuthService - Circuit breaker is OPEN. Login temporarily disabled for user: yash
2025-09-02 14:51:24 - c.c.login.Service.AuthService - Circuit breaker is OPEN. Login temporarily disabled for user: yash
2025-09-02 14:51:30 - c.c.login.Service.AuthService - Circuit breaker is OPEN. Login temporarily disabled for user: yash
2025-09-02 14:51:31 - c.c.login.Service.AuthService - Circuit breaker is OPEN. Login temporarily disabled for user: yash
2025-09-02 14:51:39 - c.c.login.Service.AuthService - Attempting login for user: yash
2025-09-02 14:51:39 - c.c.login.Service.AuthService - Login successful for user: yash
2025-09-02 14:51:42 - c.c.login.Service.AuthService - Attempting login for user: yash
2025-09-02 14:51:42 - c.c.login.Service.AuthService - Login successful for user: yash
2025-09-02 14:51:43 - c.c.login.Service.AuthService - Attempting login for user: yash
2025-09-02 14:51:43 - c.c.login.Service.AuthService - Login successful for user: yash
2025-09-02 14:51:43 - c.c.login.Service.AuthService - Attempting login for user: yash
2025-09-02 14:51:43 - c.c.login.Service.AuthService - Login successful for user: yash
2025-09-02 14:51:44 - c.c.login.Service.AuthService - Attempting login for user: yash
2025-09-02 14:51:44 - c.c.login.Service.AuthService - Login successful for user: yash
2025-09-02 14:51:44 - c.c.login.Service.AuthService - Attempting login for user: yash
2025-09-02 14:51:44 - c.c.login.Service.AuthService - Login successful for user: yash
2025-09-02 14:51:44 - c.c.login.Service.AuthService - Attempting login for user: yash
2025-09-02 14:51:44 - c.c.login.Service.AuthService - Login successful for user: yash
2025-09-02 14:51:44 - c.c.login.Service.AuthService - Attempting login for user: yash
2025-09-02 14:51:44 - c.c.login.Service.AuthService - Login successful for user: yash
2025-09-02 14:51:45 - c.c.login.Service.AuthService - Attempting login for user: yash
2025-09-02 14:51:45 - c.c.login.Service.AuthService - Login successful for user: yash
2025-09-02 14:51:45 - c.c.login.Service.AuthService - Attempting login for user: yash
2025-09-02 14:51:45 - c.c.login.Service.AuthService - Login successful for user: yash
2025-09-02 14:51:45 - c.c.login.Service.AuthService - Attempting login for user: yash
2025-09-02 14:51:45 - c.c.login.Service.AuthService - Login successful for user: yash
2025-09-02 14:51:45 - c.c.login.Service.AuthService - Attempting login for user: yash
2025-09-02 14:51:45 - c.c.login.Service.AuthService - Login successful for user: yash
2025-09-02 14:51:45 - c.c.login.Service.AuthService - Attempting login for user: yash
2025-09-02 14:51:45 - c.c.login.Service.AuthService - Login successful for user: yash
2025-09-02 14:51:46 - c.c.login.Service.AuthService - Attempting login for user: yash
2025-09-02 14:51:46 - c.c.login.Service.AuthService - Login successful for user: yash
2025-09-02 14:51:46 - c.c.login.Service.AuthService - Attempting login for user: yash
2025-09-02 14:51:46 - c.c.login.Service.AuthService - Login successful for user: yash
2025-09-02 14:51:46 - c.c.login.Service.AuthService - Attempting login for user: yash
2025-09-02 14:51:46 - c.c.login.Service.AuthService - Login successful for user: yash
2025-09-02 14:51:46 - c.c.login.Service.AuthService - Attempting login for user: yash
2025-09-02 14:51:46 - c.c.login.Service.AuthService - Login successful for user: yash
2025-09-02 14:51:46 - c.c.login.Service.AuthService - Attempting login for user: yash
2025-09-02 14:51:46 - c.c.login.Service.AuthService - Login successful for user: yash
2025-09-02 14:51:46 - c.c.login.Service.AuthService - Attempting login for user: yash
2025-09-02 14:51:46 - c.c.login.Service.AuthService - Login successful for user: yash
2025-09-02 14:51:47 - c.c.login.Service.AuthService - Attempting login for user: yash
2025-09-02 14:51:47 - c.c.login.Service.AuthService - Login successful for user: yash
2025-09-02 14:51:47 - c.c.login.Service.AuthService - Attempting login for user: yash
2025-09-02 14:51:47 - c.c.login.Service.AuthService - Login successful for user: yash
2025-09-02 14:51:47 - c.c.login.Service.AuthService - Attempting login for user: yash
2025-09-02 14:51:47 - c.c.login.Service.AuthService - Login successful for user: yash
2025-09-02 14:51:47 - c.c.login.Service.AuthService - Attempting login for user: yash
2025-09-02 14:51:47 - c.c.login.Service.AuthService - Login successful for user: yash
2025-09-02 14:51:47 - c.c.login.Service.AuthService - Attempting login for user: yash
2025-09-02 14:51:47 - c.c.login.Service.AuthService - Login successful for user: yash
2025-09-02 14:51:48 - c.c.login.Service.AuthService - Attempting login for user: yash
2025-09-02 14:51:48 - c.c.login.Service.AuthService - Login successful for user: yash
2025-09-02 14:51:48 - c.c.login.Service.AuthService - Attempting login for user: yash
2025-09-02 14:51:48 - c.c.login.Service.AuthService - Login successful for user: yash
2025-09-02 14:51:48 - c.c.login.Service.AuthService - Attempting login for user: yash
2025-09-02 14:51:48 - c.c.login.Service.AuthService - Login successful for user: yash
2025-09-02 14:51:48 - c.c.login.Service.AuthService - Attempting login for user: yash
2025-09-02 14:51:48 - c.c.login.Service.AuthService - Login successful for user: yash
2025-09-02 14:51:48 - c.c.login.Service.AuthService - Attempting login for user: yash
2025-09-02 14:51:48 - c.c.login.Service.AuthService - Login successful for user: yash
2025-09-02 14:51:49 - c.c.login.Service.AuthService - Attempting login for user: yash
2025-09-02 14:51:49 - c.c.login.Service.AuthService - Login successful for user: yash
2025-09-02 14:51:49 - c.c.login.Service.AuthService - Attempting login for user: yash
2025-09-02 14:51:49 - c.c.login.Service.AuthService - Login successful for user: yash
2025-09-02 14:51:49 - c.c.login.Service.AuthService - Attempting login for user: yash
2025-09-02 14:51:49 - c.c.login.Service.AuthService - Login successful for user: yash
2025-09-02 14:51:49 - c.c.login.Service.AuthService - Attempting login for user: yash
2025-09-02 14:51:49 - c.c.login.Service.AuthService - Login successful for user: yash
2025-09-02 14:51:49 - c.c.login.Service.AuthService - Attempting login for user: yash
2025-09-02 14:51:49 - c.c.login.Service.AuthService - Login successful for user: yash
2025-09-02 14:51:50 - c.c.login.Service.AuthService - Attempting login for user: yash
2025-09-02 14:51:50 - c.c.login.Service.AuthService - Login successful for user: yash
2025-09-02 14:51:50 - c.c.login.Service.AuthService - Attempting login for user: yash
2025-09-02 14:51:50 - c.c.login.Service.AuthService - Login successful for user: yash
2025-09-02 14:51:50 - c.c.login.Service.AuthService - Attempting login for user: yash
2025-09-02 14:51:50 - c.c.login.Service.AuthService - Login successful for user: yash
2025-09-02 14:51:56 - c.c.login.Service.AuthService - Attempting login for user: yas
2025-09-02 14:51:56 - c.c.login.Service.AuthService - Login failed for user: yas. Fallback triggered due to: Bad credentials
2025-09-02 14:51:57 - c.c.login.Service.AuthService - Attempting login for user: yas
2025-09-02 14:51:57 - c.c.login.Service.AuthService - Login failed for user: yas. Fallback triggered due to: Bad credentials
2025-09-02 14:51:57 - c.c.login.Service.AuthService - Attempting login for user: yas
2025-09-02 14:51:57 - c.c.login.Service.AuthService - Login failed for user: yas. Fallback triggered due to: Bad credentials
2025-09-02 14:51:58 - c.c.login.Service.AuthService - Attempting login for user: yas
2025-09-02 14:51:58 - c.c.login.Service.AuthService - Login failed for user: yas. Fallback triggered due to: Bad credentials
2025-09-02 14:51:59 - c.c.login.Service.AuthService - Attempting login for user: yas
2025-09-02 14:51:59 - c.c.login.Service.AuthService - Login failed for user: yas. Fallback triggered due to: Bad credentials
2025-09-02 14:51:59 - c.c.login.Service.AuthService - Circuit breaker is OPEN. Login temporarily disabled for user: yas
2025-09-02 14:52:01 - c.c.login.Service.AuthService - Circuit breaker is OPEN. Login temporarily disabled for user: yas
2025-09-02 14:52:01 - c.c.login.Service.AuthService - Circuit breaker is OPEN. Login temporarily disabled for user: yas
2025-09-02 14:56:14 - com.zaxxer.hikari.pool.HikariPool - HikariPool-1 - Thread starvation or clock leap detected (housekeeper delta=3m9s584ms).
2025-09-02 15:06:37 - com.zaxxer.hikari.pool.HikariPool - HikariPool-1 - Thread starvation or clock leap detected (housekeeper delta=1m23s242ms).
2025-09-02 15:12:56 - com.zaxxer.hikari.pool.HikariPool - HikariPool-1 - Thread starvation or clock leap detected (housekeeper delta=2m48s627ms).
